{"D:\\restaurant innauvation\\src\\auth\\auth.controller.ts": {"path":"D:\\restaurant innauvation\\src\\auth\\auth.controller.ts","statementMap":{"0":{"start":{"line":1,"column":0},"end":{"line":1,"column":null}},"1":{"start":{"line":11,"column":0},"end":{"line":11,"column":45}},"2":{"start":{"line":12,"column":0},"end":{"line":12,"column":49}},"3":{"start":{"line":13,"column":0},"end":{"line":13,"column":43}},"4":{"start":{"line":15,"column":0},"end":{"line":15,"column":55}},"5":{"start":{"line":16,"column":0},"end":{"line":16,"column":55}},"6":{"start":{"line":17,"column":0},"end":{"line":17,"column":68}},"7":{"start":{"line":21,"column":7},"end":{"line":59,"column":null}},"8":{"start":{"line":22,"column":31},"end":{"line":22,"column":44}},"9":{"start":{"line":28,"column":4},"end":{"line":28,"column":50}},"10":{"start":{"line":35,"column":4},"end":{"line":35,"column":44}},"11":{"start":{"line":42,"column":4},"end":{"line":42,"column":60}},"12":{"start":{"line":48,"column":4},"end":{"line":48,"column":48}},"13":{"start":{"line":54,"column":4},"end":{"line":57,"column":6}},"14":{"start":{"line":21,"column":13},"end":{"line":21,"column":27}},"15":{"start":{"line":27,"column":8},"end":{"line":29,"column":null}},"16":{"start":{"line":34,"column":8},"end":{"line":36,"column":null}},"17":{"start":{"line":41,"column":8},"end":{"line":43,"column":null}},"18":{"start":{"line":47,"column":8},"end":{"line":49,"column":null}},"19":{"start":{"line":53,"column":8},"end":{"line":58,"column":null}},"20":{"start":{"line":21,"column":13},"end":{"line":59,"column":null}}},"fnMap":{"0":{"name":"(anonymous_4)","decl":{"start":{"line":22,"column":2},"end":{"line":22,"column":31}},"loc":{"start":{"line":22,"column":55},"end":{"line":22,"column":59}}},"1":{"name":"(anonymous_5)","decl":{"start":{"line":27,"column":2},"end":{"line":27,"column":7}},"loc":{"start":{"line":27,"column":49},"end":{"line":29,"column":3}}},"2":{"name":"(anonymous_6)","decl":{"start":{"line":34,"column":2},"end":{"line":34,"column":7}},"loc":{"start":{"line":34,"column":40},"end":{"line":36,"column":3}}},"3":{"name":"(anonymous_7)","decl":{"start":{"line":41,"column":2},"end":{"line":41,"column":7}},"loc":{"start":{"line":41,"column":39},"end":{"line":43,"column":3}}},"4":{"name":"(anonymous_8)","decl":{"start":{"line":47,"column":2},"end":{"line":47,"column":7}},"loc":{"start":{"line":47,"column":43},"end":{"line":49,"column":3}}},"5":{"name":"(anonymous_9)","decl":{"start":{"line":53,"column":2},"end":{"line":53,"column":7}},"loc":{"start":{"line":53,"column":47},"end":{"line":58,"column":3}}}},"branchMap":{},"s":{"0":0,"1":0,"2":0,"3":0,"4":0,"5":0,"6":0,"7":0,"8":0,"9":0,"10":0,"11":0,"12":0,"13":0,"14":0,"15":0,"16":0,"17":0,"18":0,"19":0,"20":0},"f":{"0":0,"1":0,"2":0,"3":0,"4":0,"5":0},"b":{}}
,"D:\\restaurant innauvation\\src\\auth\\auth.service.ts": {"path":"D:\\restaurant innauvation\\src\\auth\\auth.service.ts","statementMap":{"0":{"start":{"line":1,"column":0},"end":{"line":1,"column":107}},"1":{"start":{"line":2,"column":0},"end":{"line":2,"column":41}},"2":{"start":{"line":3,"column":0},"end":{"line":3,"column":47}},"3":{"start":{"line":4,"column":0},"end":{"line":4,"column":33}},"4":{"start":{"line":5,"column":0},"end":{"line":5,"column":54}},"5":{"start":{"line":6,"column":0},"end":{"line":6,"column":57}},"6":{"start":{"line":37,"column":7},"end":{"line":286,"column":null}},"7":{"start":{"line":39,"column":12},"end":{"line":39,"column":26}},"8":{"start":{"line":40,"column":12},"end":{"line":40,"column":24}},"9":{"start":{"line":41,"column":12},"end":{"line":41,"column":27}},"10":{"start":{"line":42,"column":12},"end":{"line":42,"column":20}},"11":{"start":{"line":47,"column":19},"end":{"line":52,"column":6}},"12":{"start":{"line":54,"column":4},"end":{"line":56,"column":5}},"13":{"start":{"line":55,"column":6},"end":{"line":55,"column":68}},"14":{"start":{"line":59,"column":25},"end":{"line":61,"column":6}},"15":{"start":{"line":63,"column":4},"end":{"line":65,"column":5}},"16":{"start":{"line":64,"column":6},"end":{"line":64,"column":79}},"17":{"start":{"line":68,"column":23},"end":{"line":68,"column":25}},"18":{"start":{"line":69,"column":27},"end":{"line":69,"column":78}},"19":{"start":{"line":72,"column":17},"end":{"line":86,"column":6}},"20":{"start":{"line":89,"column":4},"end":{"line":100,"column":7}},"21":{"start":{"line":103,"column":32},"end":{"line":108,"column":6}},"22":{"start":{"line":110,"column":25},"end":{"line":110,"column":54}},"23":{"start":{"line":112,"column":4},"end":{"line":123,"column":6}},"24":{"start":{"line":128,"column":17},"end":{"line":128,"column":75}},"25":{"start":{"line":130,"column":4},"end":{"line":132,"column":5}},"26":{"start":{"line":131,"column":6},"end":{"line":131,"column":73}},"27":{"start":{"line":135,"column":4},"end":{"line":146,"column":7}},"28":{"start":{"line":149,"column":32},"end":{"line":154,"column":6}},"29":{"start":{"line":156,"column":25},"end":{"line":156,"column":54}},"30":{"start":{"line":158,"column":4},"end":{"line":169,"column":6}},"31":{"start":{"line":174,"column":4},"end":{"line":184,"column":7}},"32":{"start":{"line":186,"column":4},"end":{"line":186,"column":46}},"33":{"start":{"line":190,"column":17},"end":{"line":202,"column":6}},"34":{"start":{"line":204,"column":4},"end":{"line":206,"column":5}},"35":{"start":{"line":205,"column":6},"end":{"line":205,"column":18}},"36":{"start":{"line":209,"column":4},"end":{"line":211,"column":5}},"37":{"start":{"line":210,"column":6},"end":{"line":210,"column":18}},"38":{"start":{"line":214,"column":28},"end":{"line":214,"column":73}},"39":{"start":{"line":216,"column":4},"end":{"line":218,"column":5}},"40":{"start":{"line":217,"column":6},"end":{"line":217,"column":18}},"41":{"start":{"line":221,"column":39},"end":{"line":221,"column":43}},"42":{"start":{"line":222,"column":4},"end":{"line":222,"column":18}},"43":{"start":{"line":226,"column":17},"end":{"line":238,"column":6}},"44":{"start":{"line":240,"column":4},"end":{"line":242,"column":5}},"45":{"start":{"line":241,"column":6},"end":{"line":241,"column":18}},"46":{"start":{"line":245,"column":4},"end":{"line":247,"column":5}},"47":{"start":{"line":246,"column":6},"end":{"line":246,"column":18}},"48":{"start":{"line":249,"column":39},"end":{"line":249,"column":43}},"49":{"start":{"line":250,"column":4},"end":{"line":250,"column":18}},"50":{"start":{"line":254,"column":17},"end":{"line":278,"column":6}},"51":{"start":{"line":280,"column":4},"end":{"line":282,"column":5}},"52":{"start":{"line":281,"column":6},"end":{"line":281,"column":64}},"53":{"start":{"line":284,"column":4},"end":{"line":284,"column":16}},"54":{"start":{"line":37,"column":13},"end":{"line":37,"column":24}},"55":{"start":{"line":37,"column":13},"end":{"line":286,"column":null}}},"fnMap":{"0":{"name":"(anonymous_2)","decl":{"start":{"line":38,"column":2},"end":{"line":38,"column":null}},"loc":{"start":{"line":42,"column":33},"end":{"line":43,"column":6}}},"1":{"name":"(anonymous_3)","decl":{"start":{"line":45,"column":2},"end":{"line":45,"column":7}},"loc":{"start":{"line":45,"column":41},"end":{"line":124,"column":3}}},"2":{"name":"(anonymous_4)","decl":{"start":{"line":126,"column":2},"end":{"line":126,"column":7}},"loc":{"start":{"line":126,"column":32},"end":{"line":170,"column":3}}},"3":{"name":"(anonymous_5)","decl":{"start":{"line":172,"column":2},"end":{"line":172,"column":7}},"loc":{"start":{"line":172,"column":47},"end":{"line":187,"column":3}}},"4":{"name":"(anonymous_6)","decl":{"start":{"line":189,"column":2},"end":{"line":189,"column":7}},"loc":{"start":{"line":189,"column":52},"end":{"line":223,"column":3}}},"5":{"name":"(anonymous_7)","decl":{"start":{"line":225,"column":2},"end":{"line":225,"column":7}},"loc":{"start":{"line":225,"column":46},"end":{"line":251,"column":3}}},"6":{"name":"(anonymous_8)","decl":{"start":{"line":253,"column":2},"end":{"line":253,"column":7}},"loc":{"start":{"line":253,"column":33},"end":{"line":285,"column":3}}}},"branchMap":{"0":{"loc":{"start":{"line":54,"column":4},"end":{"line":56,"column":5}},"type":"if","locations":[{"start":{"line":54,"column":4},"end":{"line":56,"column":5}}]},"1":{"loc":{"start":{"line":63,"column":4},"end":{"line":65,"column":5}},"type":"if","locations":[{"start":{"line":63,"column":4},"end":{"line":65,"column":5}}]},"2":{"loc":{"start":{"line":130,"column":4},"end":{"line":132,"column":5}},"type":"if","locations":[{"start":{"line":130,"column":4},"end":{"line":132,"column":5}}]},"3":{"loc":{"start":{"line":204,"column":4},"end":{"line":206,"column":5}},"type":"if","locations":[{"start":{"line":204,"column":4},"end":{"line":206,"column":5}}]},"4":{"loc":{"start":{"line":209,"column":4},"end":{"line":211,"column":5}},"type":"if","locations":[{"start":{"line":209,"column":4},"end":{"line":211,"column":5}}]},"5":{"loc":{"start":{"line":209,"column":8},"end":{"line":209,"column":49}},"type":"binary-expr","locations":[{"start":{"line":209,"column":8},"end":{"line":209,"column":23}},{"start":{"line":209,"column":27},"end":{"line":209,"column":49}}]},"6":{"loc":{"start":{"line":216,"column":4},"end":{"line":218,"column":5}},"type":"if","locations":[{"start":{"line":216,"column":4},"end":{"line":218,"column":5}}]},"7":{"loc":{"start":{"line":240,"column":4},"end":{"line":242,"column":5}},"type":"if","locations":[{"start":{"line":240,"column":4},"end":{"line":242,"column":5}}]},"8":{"loc":{"start":{"line":240,"column":8},"end":{"line":240,"column":58}},"type":"binary-expr","locations":[{"start":{"line":240,"column":8},"end":{"line":240,"column":13}},{"start":{"line":240,"column":17},"end":{"line":240,"column":32}},{"start":{"line":240,"column":36},"end":{"line":240,"column":58}}]},"9":{"loc":{"start":{"line":245,"column":4},"end":{"line":247,"column":5}},"type":"if","locations":[{"start":{"line":245,"column":4},"end":{"line":247,"column":5}}]},"10":{"loc":{"start":{"line":245,"column":8},"end":{"line":245,"column":76}},"type":"binary-expr","locations":[{"start":{"line":245,"column":8},"end":{"line":245,"column":44}},{"start":{"line":245,"column":48},"end":{"line":245,"column":76}}]},"11":{"loc":{"start":{"line":280,"column":4},"end":{"line":282,"column":5}},"type":"if","locations":[{"start":{"line":280,"column":4},"end":{"line":282,"column":5}}]}},"s":{"0":0,"1":0,"2":0,"3":0,"4":0,"5":0,"6":0,"7":0,"8":0,"9":0,"10":0,"11":0,"12":0,"13":0,"14":0,"15":0,"16":0,"17":0,"18":0,"19":0,"20":0,"21":0,"22":0,"23":0,"24":0,"25":0,"26":0,"27":0,"28":0,"29":0,"30":0,"31":0,"32":0,"33":0,"34":0,"35":0,"36":0,"37":0,"38":0,"39":0,"40":0,"41":0,"42":0,"43":0,"44":0,"45":0,"46":0,"47":0,"48":0,"49":0,"50":0,"51":0,"52":0,"53":0,"54":0,"55":0},"f":{"0":0,"1":0,"2":0,"3":0,"4":0,"5":0,"6":0},"b":{"0":[0],"1":[0],"2":[0],"3":[0],"4":[0],"5":[0,0],"6":[0],"7":[0],"8":[0,0,0],"9":[0],"10":[0,0],"11":[0]}}
,"D:\\restaurant innauvation\\src\\auth\\decorators\\public.decorator.ts": {"path":"D:\\restaurant innauvation\\src\\auth\\decorators\\public.decorator.ts","statementMap":{"0":{"start":{"line":1,"column":0},"end":{"line":1,"column":45}},"1":{"start":{"line":3,"column":13},"end":{"line":3,"column":40}},"2":{"start":{"line":4,"column":22},"end":{"line":4,"column":60}},"3":{"start":{"line":4,"column":28},"end":{"line":4,"column":60}},"4":{"start":{"line":4,"column":13},"end":{"line":4,"column":22}}},"fnMap":{"0":{"name":"(anonymous_0)","decl":{"start":{"line":4,"column":22},"end":{"line":4,"column":25}},"loc":{"start":{"line":4,"column":28},"end":{"line":4,"column":60}}}},"branchMap":{},"s":{"0":0,"1":0,"2":0,"3":0,"4":0},"f":{"0":0},"b":{}}
,"D:\\restaurant innauvation\\src\\auth\\decorators\\roles.decorator.ts": {"path":"D:\\restaurant innauvation\\src\\auth\\decorators\\roles.decorator.ts","statementMap":{"0":{"start":{"line":1,"column":0},"end":{"line":1,"column":45}},"1":{"start":{"line":4,"column":13},"end":{"line":4,"column":33}},"2":{"start":{"line":5,"column":21},"end":{"line":5,"column":76}},"3":{"start":{"line":5,"column":47},"end":{"line":5,"column":76}},"4":{"start":{"line":5,"column":13},"end":{"line":5,"column":21}}},"fnMap":{"0":{"name":"(anonymous_0)","decl":{"start":{"line":5,"column":21},"end":{"line":5,"column":22}},"loc":{"start":{"line":5,"column":47},"end":{"line":5,"column":76}}}},"branchMap":{},"s":{"0":0,"1":0,"2":0,"3":0,"4":0},"f":{"0":0},"b":{}}
,"D:\\restaurant innauvation\\src\\auth\\guards\\jwt-auth.guard.ts": {"path":"D:\\restaurant innauvation\\src\\auth\\guards\\jwt-auth.guard.ts","statementMap":{"0":{"start":{"line":1,"column":0},"end":{"line":1,"column":62}},"1":{"start":{"line":2,"column":0},"end":{"line":2,"column":45}},"2":{"start":{"line":3,"column":0},"end":{"line":3,"column":41}},"3":{"start":{"line":4,"column":0},"end":{"line":4,"column":63}},"4":{"start":{"line":7,"column":7},"end":{"line":24,"column":null}},"5":{"start":{"line":9,"column":4},"end":{"line":9,"column":12}},"6":{"start":{"line":8,"column":22},"end":{"line":8,"column":33}},"7":{"start":{"line":13,"column":21},"end":{"line":16,"column":6}},"8":{"start":{"line":18,"column":4},"end":{"line":20,"column":5}},"9":{"start":{"line":19,"column":6},"end":{"line":19,"column":18}},"10":{"start":{"line":22,"column":4},"end":{"line":22,"column":38}},"11":{"start":{"line":7,"column":13},"end":{"line":7,"column":25}},"12":{"start":{"line":7,"column":13},"end":{"line":24,"column":null}}},"fnMap":{"0":{"name":"(anonymous_2)","decl":{"start":{"line":8,"column":2},"end":{"line":8,"column":22}},"loc":{"start":{"line":8,"column":42},"end":{"line":10,"column":3}}},"1":{"name":"(anonymous_3)","decl":{"start":{"line":12,"column":2},"end":{"line":12,"column":13}},"loc":{"start":{"line":12,"column":39},"end":{"line":23,"column":3}}}},"branchMap":{"0":{"loc":{"start":{"line":18,"column":4},"end":{"line":20,"column":5}},"type":"if","locations":[{"start":{"line":18,"column":4},"end":{"line":20,"column":5}}]}},"s":{"0":0,"1":0,"2":0,"3":0,"4":0,"5":0,"6":0,"7":0,"8":0,"9":0,"10":0,"11":0,"12":0},"f":{"0":0,"1":0},"b":{"0":[0]}}
,"D:\\restaurant innauvation\\src\\auth\\guards\\local-auth.guard.ts": {"path":"D:\\restaurant innauvation\\src\\auth\\guards\\local-auth.guard.ts","statementMap":{"0":{"start":{"line":1,"column":0},"end":{"line":1,"column":44}},"1":{"start":{"line":2,"column":0},"end":{"line":2,"column":45}},"2":{"start":{"line":5,"column":7},"end":{"line":5,"column":null}},"3":{"start":{"line":5,"column":13},"end":{"line":5,"column":27}},"4":{"start":{"line":5,"column":13},"end":{"line":5,"column":null}}},"fnMap":{},"branchMap":{},"s":{"0":0,"1":0,"2":0,"3":0,"4":0},"f":{},"b":{}}
,"D:\\restaurant innauvation\\src\\auth\\guards\\roles.guard.ts": {"path":"D:\\restaurant innauvation\\src\\auth\\guards\\roles.guard.ts","statementMap":{"0":{"start":{"line":1,"column":0},"end":{"line":1,"column":95}},"1":{"start":{"line":2,"column":0},"end":{"line":2,"column":41}},"2":{"start":{"line":4,"column":0},"end":{"line":4,"column":58}},"3":{"start":{"line":8,"column":7},"end":{"line":39,"column":null}},"4":{"start":{"line":9,"column":22},"end":{"line":9,"column":33}},"5":{"start":{"line":12,"column":26},"end":{"line":15,"column":6}},"6":{"start":{"line":17,"column":4},"end":{"line":19,"column":5}},"7":{"start":{"line":18,"column":6},"end":{"line":18,"column":18}},"8":{"start":{"line":21,"column":20},"end":{"line":21,"column":74}},"9":{"start":{"line":22,"column":17},"end":{"line":22,"column":29}},"10":{"start":{"line":24,"column":4},"end":{"line":26,"column":5}},"11":{"start":{"line":25,"column":6},"end":{"line":25,"column":66}},"12":{"start":{"line":29,"column":20},"end":{"line":29,"column":68}},"13":{"start":{"line":29,"column":49},"end":{"line":29,"column":67}},"14":{"start":{"line":31,"column":4},"end":{"line":35,"column":5}},"15":{"start":{"line":32,"column":6},"end":{"line":34,"column":8}},"16":{"start":{"line":37,"column":4},"end":{"line":37,"column":16}},"17":{"start":{"line":8,"column":13},"end":{"line":8,"column":23}},"18":{"start":{"line":8,"column":13},"end":{"line":39,"column":null}}},"fnMap":{"0":{"name":"(anonymous_2)","decl":{"start":{"line":9,"column":2},"end":{"line":9,"column":22}},"loc":{"start":{"line":9,"column":42},"end":{"line":9,"column":46}}},"1":{"name":"(anonymous_3)","decl":{"start":{"line":11,"column":2},"end":{"line":11,"column":13}},"loc":{"start":{"line":11,"column":39},"end":{"line":38,"column":3}}},"2":{"name":"(anonymous_4)","decl":{"start":{"line":29,"column":39},"end":{"line":29,"column":40}},"loc":{"start":{"line":29,"column":49},"end":{"line":29,"column":67}}}},"branchMap":{"0":{"loc":{"start":{"line":17,"column":4},"end":{"line":19,"column":5}},"type":"if","locations":[{"start":{"line":17,"column":4},"end":{"line":19,"column":5}}]},"1":{"loc":{"start":{"line":24,"column":4},"end":{"line":26,"column":5}},"type":"if","locations":[{"start":{"line":24,"column":4},"end":{"line":26,"column":5}}]},"2":{"loc":{"start":{"line":31,"column":4},"end":{"line":35,"column":5}},"type":"if","locations":[{"start":{"line":31,"column":4},"end":{"line":35,"column":5}}]}},"s":{"0":0,"1":0,"2":0,"3":0,"4":0,"5":0,"6":0,"7":0,"8":0,"9":0,"10":0,"11":0,"12":0,"13":0,"14":0,"15":0,"16":0,"17":0,"18":0},"f":{"0":0,"1":0,"2":0},"b":{"0":[0],"1":[0],"2":[0]}}
,"D:\\restaurant innauvation\\src\\auth\\strategies\\jwt.strategy.ts": {"path":"D:\\restaurant innauvation\\src\\auth\\strategies\\jwt.strategy.ts","statementMap":{"0":{"start":{"line":1,"column":0},"end":{"line":1,"column":67}},"1":{"start":{"line":2,"column":0},"end":{"line":2,"column":52}},"2":{"start":{"line":3,"column":0},"end":{"line":3,"column":52}},"3":{"start":{"line":4,"column":0},"end":{"line":4,"column":47}},"4":{"start":{"line":5,"column":0},"end":{"line":5,"column":58}},"5":{"start":{"line":8,"column":7},"end":{"line":29,"column":null}},"6":{"start":{"line":13,"column":4},"end":{"line":17,"column":7}},"7":{"start":{"line":10,"column":12},"end":{"line":10,"column":27}},"8":{"start":{"line":11,"column":12},"end":{"line":11,"column":25}},"9":{"start":{"line":21,"column":17},"end":{"line":21,"column":67}},"10":{"start":{"line":23,"column":4},"end":{"line":25,"column":5}},"11":{"start":{"line":24,"column":6},"end":{"line":24,"column":79}},"12":{"start":{"line":27,"column":4},"end":{"line":27,"column":16}},"13":{"start":{"line":8,"column":13},"end":{"line":8,"column":24}},"14":{"start":{"line":8,"column":13},"end":{"line":29,"column":null}}},"fnMap":{"0":{"name":"(anonymous_2)","decl":{"start":{"line":9,"column":2},"end":{"line":9,"column":null}},"loc":{"start":{"line":11,"column":36},"end":{"line":18,"column":3}}},"1":{"name":"(anonymous_3)","decl":{"start":{"line":20,"column":2},"end":{"line":20,"column":7}},"loc":{"start":{"line":20,"column":36},"end":{"line":28,"column":3}}}},"branchMap":{"0":{"loc":{"start":{"line":23,"column":4},"end":{"line":25,"column":5}},"type":"if","locations":[{"start":{"line":23,"column":4},"end":{"line":25,"column":5}}]}},"s":{"0":0,"1":0,"2":0,"3":0,"4":0,"5":0,"6":0,"7":0,"8":0,"9":0,"10":0,"11":0,"12":0,"13":0,"14":0},"f":{"0":0,"1":0},"b":{"0":[0]}}
,"D:\\restaurant innauvation\\src\\auth\\strategies\\local.strategy.ts": {"path":"D:\\restaurant innauvation\\src\\auth\\strategies\\local.strategy.ts","statementMap":{"0":{"start":{"line":1,"column":0},"end":{"line":1,"column":67}},"1":{"start":{"line":2,"column":0},"end":{"line":2,"column":52}},"2":{"start":{"line":3,"column":0},"end":{"line":3,"column":42}},"3":{"start":{"line":4,"column":0},"end":{"line":4,"column":46}},"4":{"start":{"line":7,"column":7},"end":{"line":24,"column":null}},"5":{"start":{"line":9,"column":4},"end":{"line":12,"column":7}},"6":{"start":{"line":8,"column":22},"end":{"line":8,"column":35}},"7":{"start":{"line":16,"column":17},"end":{"line":16,"column":69}},"8":{"start":{"line":18,"column":4},"end":{"line":20,"column":5}},"9":{"start":{"line":19,"column":6},"end":{"line":19,"column":73}},"10":{"start":{"line":22,"column":4},"end":{"line":22,"column":16}},"11":{"start":{"line":7,"column":13},"end":{"line":7,"column":26}},"12":{"start":{"line":7,"column":13},"end":{"line":24,"column":null}}},"fnMap":{"0":{"name":"(anonymous_2)","decl":{"start":{"line":8,"column":2},"end":{"line":8,"column":22}},"loc":{"start":{"line":8,"column":46},"end":{"line":13,"column":3}}},"1":{"name":"(anonymous_3)","decl":{"start":{"line":15,"column":2},"end":{"line":15,"column":7}},"loc":{"start":{"line":15,"column":48},"end":{"line":23,"column":3}}}},"branchMap":{"0":{"loc":{"start":{"line":18,"column":4},"end":{"line":20,"column":5}},"type":"if","locations":[{"start":{"line":18,"column":4},"end":{"line":20,"column":5}}]}},"s":{"0":0,"1":0,"2":0,"3":0,"4":0,"5":0,"6":0,"7":0,"8":0,"9":0,"10":0,"11":0,"12":0},"f":{"0":0,"1":0},"b":{"0":[0]}}
,"D:\\restaurant innauvation\\src\\common\\decorators\\tenant.decorator.ts": {"path":"D:\\restaurant innauvation\\src\\common\\decorators\\tenant.decorator.ts","statementMap":{"0":{"start":{"line":1,"column":0},"end":{"line":1,"column":72}},"1":{"start":{"line":4,"column":13},"end":{"line":9,"column":2}},"2":{"start":{"line":6,"column":20},"end":{"line":6,"column":70}},"3":{"start":{"line":7,"column":4},"end":{"line":7,"column":26}},"4":{"start":{"line":11,"column":13},"end":{"line":16,"column":2}},"5":{"start":{"line":13,"column":20},"end":{"line":13,"column":70}},"6":{"start":{"line":14,"column":4},"end":{"line":14,"column":24}}},"fnMap":{"0":{"name":"(anonymous_0)","decl":{"start":{"line":5,"column":2},"end":{"line":5,"column":3}},"loc":{"start":{"line":5,"column":43},"end":{"line":8,"column":3}}},"1":{"name":"(anonymous_1)","decl":{"start":{"line":12,"column":2},"end":{"line":12,"column":3}},"loc":{"start":{"line":12,"column":43},"end":{"line":15,"column":3}}}},"branchMap":{},"s":{"0":0,"1":0,"2":0,"3":0,"4":0,"5":0,"6":0},"f":{"0":0,"1":0},"b":{}}
,"D:\\restaurant innauvation\\src\\common\\guards\\tenant.guard.ts": {"path":"D:\\restaurant innauvation\\src\\common\\guards\\tenant.guard.ts","statementMap":{"0":{"start":{"line":1,"column":0},"end":{"line":1,"column":95}},"1":{"start":{"line":5,"column":7},"end":{"line":21,"column":null}},"2":{"start":{"line":7,"column":20},"end":{"line":7,"column":74}},"3":{"start":{"line":10,"column":4},"end":{"line":12,"column":5}},"4":{"start":{"line":11,"column":6},"end":{"line":11,"column":73}},"5":{"start":{"line":15,"column":4},"end":{"line":17,"column":5}},"6":{"start":{"line":16,"column":6},"end":{"line":16,"column":69}},"7":{"start":{"line":19,"column":4},"end":{"line":19,"column":16}},"8":{"start":{"line":5,"column":13},"end":{"line":5,"column":24}},"9":{"start":{"line":5,"column":13},"end":{"line":21,"column":null}}},"fnMap":{"0":{"name":"(anonymous_1)","decl":{"start":{"line":6,"column":2},"end":{"line":6,"column":13}},"loc":{"start":{"line":6,"column":39},"end":{"line":20,"column":3}}}},"branchMap":{"0":{"loc":{"start":{"line":10,"column":4},"end":{"line":12,"column":5}},"type":"if","locations":[{"start":{"line":10,"column":4},"end":{"line":12,"column":5}}]},"1":{"loc":{"start":{"line":15,"column":4},"end":{"line":17,"column":5}},"type":"if","locations":[{"start":{"line":15,"column":4},"end":{"line":17,"column":5}}]},"2":{"loc":{"start":{"line":15,"column":8},"end":{"line":15,"column":68}},"type":"binary-expr","locations":[{"start":{"line":15,"column":8},"end":{"line":15,"column":20}},{"start":{"line":15,"column":24},"end":{"line":15,"column":68}}]}},"s":{"0":0,"1":0,"2":0,"3":0,"4":0,"5":0,"6":0,"7":0,"8":0,"9":0},"f":{"0":0},"b":{"0":[0],"1":[0],"2":[0,0]}}
,"D:\\restaurant innauvation\\src\\common\\middleware\\tenant.middleware.ts": {"path":"D:\\restaurant innauvation\\src\\common\\middleware\\tenant.middleware.ts","statementMap":{"0":{"start":{"line":1,"column":0},"end":{"line":1,"column":83}},"1":{"start":{"line":3,"column":0},"end":{"line":3,"column":41}},"2":{"start":{"line":4,"column":0},"end":{"line":4,"column":47}},"3":{"start":{"line":5,"column":0},"end":{"line":5,"column":60}},"4":{"start":{"line":22,"column":7},"end":{"line":110,"column":null}},"5":{"start":{"line":24,"column":12},"end":{"line":24,"column":20}},"6":{"start":{"line":25,"column":12},"end":{"line":25,"column":24}},"7":{"start":{"line":26,"column":12},"end":{"line":26,"column":27}},"8":{"start":{"line":30,"column":4},"end":{"line":69,"column":5}},"9":{"start":{"line":32,"column":21},"end":{"line":32,"column":46}},"10":{"start":{"line":34,"column":6},"end":{"line":37,"column":7}},"11":{"start":{"line":36,"column":8},"end":{"line":36,"column":50}},"12":{"start":{"line":39,"column":6},"end":{"line":64,"column":7}},"13":{"start":{"line":41,"column":23},"end":{"line":51,"column":10}},"14":{"start":{"line":53,"column":8},"end":{"line":55,"column":9}},"15":{"start":{"line":54,"column":10},"end":{"line":54,"column":74}},"16":{"start":{"line":58,"column":8},"end":{"line":58,"column":28}},"17":{"start":{"line":61,"column":8},"end":{"line":63,"column":9}},"18":{"start":{"line":62,"column":10},"end":{"line":62,"column":76}},"19":{"start":{"line":66,"column":6},"end":{"line":66,"column":13}},"20":{"start":{"line":68,"column":6},"end":{"line":68,"column":18}},"21":{"start":{"line":74,"column":25},"end":{"line":74,"column":61}},"22":{"start":{"line":75,"column":4},"end":{"line":75,"column":42}},"23":{"start":{"line":75,"column":22},"end":{"line":75,"column":42}},"24":{"start":{"line":78,"column":22},"end":{"line":78,"column":37}},"25":{"start":{"line":79,"column":4},"end":{"line":83,"column":5}},"26":{"start":{"line":82,"column":6},"end":{"line":82,"column":18}},"27":{"start":{"line":86,"column":24},"end":{"line":86,"column":53}},"28":{"start":{"line":87,"column":4},"end":{"line":87,"column":40}},"29":{"start":{"line":87,"column":21},"end":{"line":87,"column":40}},"30":{"start":{"line":89,"column":4},"end":{"line":89,"column":16}},"31":{"start":{"line":93,"column":4},"end":{"line":108,"column":5}},"32":{"start":{"line":94,"column":25},"end":{"line":94,"column":50}},"33":{"start":{"line":95,"column":6},"end":{"line":97,"column":7}},"34":{"start":{"line":96,"column":8},"end":{"line":96,"column":20}},"35":{"start":{"line":99,"column":20},"end":{"line":99,"column":43}},"36":{"start":{"line":100,"column":22},"end":{"line":102,"column":8}},"37":{"start":{"line":104,"column":6},"end":{"line":104,"column":39}},"38":{"start":{"line":107,"column":6},"end":{"line":107,"column":18}},"39":{"start":{"line":22,"column":13},"end":{"line":22,"column":29}},"40":{"start":{"line":22,"column":13},"end":{"line":110,"column":null}}},"fnMap":{"0":{"name":"(anonymous_2)","decl":{"start":{"line":23,"column":2},"end":{"line":23,"column":null}},"loc":{"start":{"line":26,"column":40},"end":{"line":27,"column":6}}},"1":{"name":"(anonymous_3)","decl":{"start":{"line":29,"column":2},"end":{"line":29,"column":7}},"loc":{"start":{"line":29,"column":69},"end":{"line":70,"column":3}}},"2":{"name":"(anonymous_4)","decl":{"start":{"line":72,"column":10},"end":{"line":72,"column":25}},"loc":{"start":{"line":72,"column":48},"end":{"line":90,"column":3}}},"3":{"name":"(anonymous_5)","decl":{"start":{"line":92,"column":10},"end":{"line":92,"column":30}},"loc":{"start":{"line":92,"column":53},"end":{"line":109,"column":3}}}},"branchMap":{"0":{"loc":{"start":{"line":34,"column":6},"end":{"line":37,"column":7}},"type":"if","locations":[{"start":{"line":34,"column":6},"end":{"line":37,"column":7}}]},"1":{"loc":{"start":{"line":39,"column":6},"end":{"line":64,"column":7}},"type":"if","locations":[{"start":{"line":39,"column":6},"end":{"line":64,"column":7}}]},"2":{"loc":{"start":{"line":53,"column":8},"end":{"line":55,"column":9}},"type":"if","locations":[{"start":{"line":53,"column":8},"end":{"line":55,"column":9}}]},"3":{"loc":{"start":{"line":61,"column":8},"end":{"line":63,"column":9}},"type":"if","locations":[{"start":{"line":61,"column":8},"end":{"line":63,"column":9}}]},"4":{"loc":{"start":{"line":61,"column":12},"end":{"line":61,"column":55}},"type":"binary-expr","locations":[{"start":{"line":61,"column":12},"end":{"line":61,"column":20}},{"start":{"line":61,"column":24},"end":{"line":61,"column":55}}]},"5":{"loc":{"start":{"line":75,"column":4},"end":{"line":75,"column":42}},"type":"if","locations":[{"start":{"line":75,"column":4},"end":{"line":75,"column":42}}]},"6":{"loc":{"start":{"line":79,"column":4},"end":{"line":83,"column":5}},"type":"if","locations":[{"start":{"line":79,"column":4},"end":{"line":83,"column":5}}]},"7":{"loc":{"start":{"line":87,"column":4},"end":{"line":87,"column":40}},"type":"if","locations":[{"start":{"line":87,"column":4},"end":{"line":87,"column":40}}]},"8":{"loc":{"start":{"line":95,"column":6},"end":{"line":97,"column":7}},"type":"if","locations":[{"start":{"line":95,"column":6},"end":{"line":97,"column":7}}]},"9":{"loc":{"start":{"line":95,"column":10},"end":{"line":95,"column":58}},"type":"binary-expr","locations":[{"start":{"line":95,"column":10},"end":{"line":95,"column":21}},{"start":{"line":95,"column":25},"end":{"line":95,"column":58}}]},"10":{"loc":{"start":{"line":104,"column":13},"end":{"line":104,"column":38}},"type":"binary-expr","locations":[{"start":{"line":104,"column":13},"end":{"line":104,"column":30}},{"start":{"line":104,"column":34},"end":{"line":104,"column":38}}]}},"s":{"0":0,"1":0,"2":0,"3":0,"4":0,"5":0,"6":0,"7":0,"8":0,"9":0,"10":0,"11":0,"12":0,"13":0,"14":0,"15":0,"16":0,"17":0,"18":0,"19":0,"20":0,"21":0,"22":0,"23":0,"24":0,"25":0,"26":0,"27":0,"28":0,"29":0,"30":0,"31":0,"32":0,"33":0,"34":0,"35":0,"36":0,"37":0,"38":0,"39":0,"40":0},"f":{"0":0,"1":0,"2":0,"3":0},"b":{"0":[0],"1":[0],"2":[0],"3":[0],"4":[0,0],"5":[0],"6":[0],"7":[0],"8":[0],"9":[0,0],"10":[0,0]}}
,"D:\\restaurant innauvation\\src\\common\\types\\order.types.ts": {"path":"D:\\restaurant innauvation\\src\\common\\types\\order.types.ts","statementMap":{"0":{"start":{"line":2,"column":0},"end":{"line":2,"column":null}},"1":{"start":{"line":3,"column":2},"end":{"line":3,"column":null}},"2":{"start":{"line":4,"column":2},"end":{"line":4,"column":null}},"3":{"start":{"line":5,"column":2},"end":{"line":5,"column":null}},"4":{"start":{"line":6,"column":2},"end":{"line":6,"column":null}},"5":{"start":{"line":7,"column":2},"end":{"line":7,"column":null}},"6":{"start":{"line":8,"column":2},"end":{"line":8,"column":null}},"7":{"start":{"line":11,"column":0},"end":{"line":11,"column":null}},"8":{"start":{"line":12,"column":2},"end":{"line":12,"column":null}},"9":{"start":{"line":13,"column":2},"end":{"line":13,"column":null}},"10":{"start":{"line":14,"column":2},"end":{"line":14,"column":null}},"11":{"start":{"line":15,"column":2},"end":{"line":15,"column":null}},"12":{"start":{"line":16,"column":2},"end":{"line":16,"column":null}}},"fnMap":{"0":{"name":"(anonymous_0)","decl":{"start":{"line":2,"column":0},"end":{"line":2,"column":12}},"loc":{"start":{"line":2,"column":23},"end":{"line":9,"column":1}}},"1":{"name":"(anonymous_1)","decl":{"start":{"line":11,"column":0},"end":{"line":11,"column":12}},"loc":{"start":{"line":11,"column":25},"end":{"line":17,"column":1}}}},"branchMap":{"0":{"loc":{"start":{"line":2,"column":12},"end":{"line":2,"column":null}},"type":"binary-expr","locations":[{"start":{"line":2,"column":12},"end":{"line":2,"column":23}},{"start":{"line":2,"column":23},"end":{"line":2,"column":null}}]},"1":{"loc":{"start":{"line":11,"column":12},"end":{"line":11,"column":null}},"type":"binary-expr","locations":[{"start":{"line":11,"column":12},"end":{"line":11,"column":25}},{"start":{"line":11,"column":25},"end":{"line":11,"column":null}}]}},"s":{"0":0,"1":0,"2":0,"3":0,"4":0,"5":0,"6":0,"7":0,"8":0,"9":0,"10":0,"11":0,"12":0},"f":{"0":0,"1":0},"b":{"0":[0,0],"1":[0,0]}}
,"D:\\restaurant innauvation\\src\\common\\types\\user.types.ts": {"path":"D:\\restaurant innauvation\\src\\common\\types\\user.types.ts","statementMap":{"0":{"start":{"line":2,"column":0},"end":{"line":2,"column":null}},"1":{"start":{"line":3,"column":2},"end":{"line":3,"column":null}},"2":{"start":{"line":4,"column":2},"end":{"line":4,"column":null}},"3":{"start":{"line":5,"column":2},"end":{"line":5,"column":null}}},"fnMap":{"0":{"name":"(anonymous_0)","decl":{"start":{"line":2,"column":0},"end":{"line":2,"column":12}},"loc":{"start":{"line":2,"column":20},"end":{"line":6,"column":1}}}},"branchMap":{"0":{"loc":{"start":{"line":2,"column":12},"end":{"line":2,"column":null}},"type":"binary-expr","locations":[{"start":{"line":2,"column":12},"end":{"line":2,"column":20}},{"start":{"line":2,"column":20},"end":{"line":2,"column":null}}]}},"s":{"0":0,"1":0,"2":0,"3":0},"f":{"0":0},"b":{"0":[0,0]}}
,"D:\\restaurant innauvation\\src\\files\\files.service.ts": {"path":"D:\\restaurant innauvation\\src\\files\\files.service.ts","statementMap":{"0":{"start":{"line":1,"column":0},"end":{"line":1,"column":44}},"1":{"start":{"line":2,"column":0},"end":{"line":2,"column":47}},"2":{"start":{"line":3,"column":0},"end":{"line":3,"column":25}},"3":{"start":{"line":4,"column":0},"end":{"line":4,"column":29}},"4":{"start":{"line":7,"column":7},"end":{"line":111,"column":null}},"5":{"start":{"line":11,"column":22},"end":{"line":11,"column":37}},"6":{"start":{"line":13,"column":4},"end":{"line":13,"column":58}},"7":{"start":{"line":14,"column":4},"end":{"line":14,"column":56}},"8":{"start":{"line":17,"column":4},"end":{"line":17,"column":48}},"9":{"start":{"line":18,"column":4},"end":{"line":18,"column":47}},"10":{"start":{"line":19,"column":4},"end":{"line":19,"column":70}},"11":{"start":{"line":20,"column":4},"end":{"line":20,"column":70}},"12":{"start":{"line":24,"column":4},"end":{"line":26,"column":5}},"13":{"start":{"line":25,"column":6},"end":{"line":25,"column":49}},"14":{"start":{"line":30,"column":22},"end":{"line":32,"column":22}},"15":{"start":{"line":34,"column":4},"end":{"line":34,"column":42}},"16":{"start":{"line":36,"column":21},"end":{"line":36,"column":51}},"17":{"start":{"line":37,"column":4},"end":{"line":37,"column":50}},"18":{"start":{"line":40,"column":22},"end":{"line":42,"column":29}},"19":{"start":{"line":44,"column":4},"end":{"line":44,"column":21}},"20":{"start":{"line":48,"column":4},"end":{"line":58,"column":5}},"21":{"start":{"line":49,"column":23},"end":{"line":49,"column":61}},"22":{"start":{"line":50,"column":6},"end":{"line":53,"column":7}},"23":{"start":{"line":51,"column":8},"end":{"line":51,"column":43}},"24":{"start":{"line":52,"column":8},"end":{"line":52,"column":20}},"25":{"start":{"line":54,"column":6},"end":{"line":54,"column":19}},"26":{"start":{"line":56,"column":6},"end":{"line":56,"column":58}},"27":{"start":{"line":57,"column":6},"end":{"line":57,"column":19}},"28":{"start":{"line":62,"column":24},"end":{"line":62,"column":97}},"29":{"start":{"line":63,"column":4},"end":{"line":63,"column":43}},"30":{"start":{"line":67,"column":4},"end":{"line":76,"column":5}},"31":{"start":{"line":68,"column":23},"end":{"line":68,"column":61}},"32":{"start":{"line":69,"column":6},"end":{"line":71,"column":7}},"33":{"start":{"line":70,"column":8},"end":{"line":70,"column":52}},"34":{"start":{"line":72,"column":6},"end":{"line":72,"column":18}},"35":{"start":{"line":74,"column":6},"end":{"line":74,"column":54}},"36":{"start":{"line":75,"column":6},"end":{"line":75,"column":18}},"37":{"start":{"line":80,"column":22},"end":{"line":80,"column":32}},"38":{"start":{"line":81,"column":19},"end":{"line":81,"column":61}},"39":{"start":{"line":82,"column":16},"end":{"line":82,"column":42}},"40":{"start":{"line":83,"column":17},"end":{"line":83,"column":49}},"41":{"start":{"line":85,"column":4},"end":{"line":87,"column":47}},"42":{"start":{"line":91,"column":4},"end":{"line":109,"column":5}},"43":{"start":{"line":92,"column":24},"end":{"line":92,"column":60}},"44":{"start":{"line":93,"column":6},"end":{"line":93,"column":44}},"45":{"start":{"line":93,"column":37},"end":{"line":93,"column":44}},"46":{"start":{"line":95,"column":20},"end":{"line":95,"column":56}},"47":{"start":{"line":96,"column":18},"end":{"line":96,"column":28}},"48":{"start":{"line":98,"column":6},"end":{"line":106,"column":7}},"49":{"start":{"line":99,"column":25},"end":{"line":99,"column":51}},"50":{"start":{"line":100,"column":22},"end":{"line":100,"column":54}},"51":{"start":{"line":102,"column":8},"end":{"line":105,"column":9}},"52":{"start":{"line":103,"column":10},"end":{"line":103,"column":45}},"53":{"start":{"line":104,"column":10},"end":{"line":104,"column":58}},"54":{"start":{"line":108,"column":6},"end":{"line":108,"column":57}},"55":{"start":{"line":7,"column":13},"end":{"line":7,"column":25}},"56":{"start":{"line":7,"column":13},"end":{"line":111,"column":null}}},"fnMap":{"0":{"name":"(anonymous_2)","decl":{"start":{"line":11,"column":2},"end":{"line":11,"column":22}},"loc":{"start":{"line":11,"column":50},"end":{"line":21,"column":3}}},"1":{"name":"(anonymous_3)","decl":{"start":{"line":23,"column":10},"end":{"line":23,"column":31}},"loc":{"start":{"line":23,"column":47},"end":{"line":27,"column":3}}},"2":{"name":"(anonymous_4)","decl":{"start":{"line":29,"column":2},"end":{"line":29,"column":7}},"loc":{"start":{"line":29,"column":69},"end":{"line":45,"column":3}}},"3":{"name":"(anonymous_5)","decl":{"start":{"line":47,"column":2},"end":{"line":47,"column":7}},"loc":{"start":{"line":47,"column":39},"end":{"line":59,"column":3}}},"4":{"name":"(anonymous_6)","decl":{"start":{"line":61,"column":2},"end":{"line":61,"column":14}},"loc":{"start":{"line":61,"column":35},"end":{"line":64,"column":3}}},"5":{"name":"(anonymous_7)","decl":{"start":{"line":66,"column":2},"end":{"line":66,"column":7}},"loc":{"start":{"line":66,"column":42},"end":{"line":77,"column":3}}},"6":{"name":"(anonymous_8)","decl":{"start":{"line":79,"column":2},"end":{"line":79,"column":24}},"loc":{"start":{"line":79,"column":62},"end":{"line":88,"column":3}}},"7":{"name":"(anonymous_9)","decl":{"start":{"line":90,"column":2},"end":{"line":90,"column":7}},"loc":{"start":{"line":90,"column":57},"end":{"line":110,"column":3}}}},"branchMap":{"0":{"loc":{"start":{"line":24,"column":4},"end":{"line":26,"column":5}},"type":"if","locations":[{"start":{"line":24,"column":4},"end":{"line":26,"column":5}}]},"1":{"loc":{"start":{"line":30,"column":22},"end":{"line":32,"column":22}},"type":"cond-expr","locations":[{"start":{"line":31,"column":8},"end":{"line":31,"column":44}},{"start":{"line":32,"column":8},"end":{"line":32,"column":22}}]},"2":{"loc":{"start":{"line":40,"column":22},"end":{"line":42,"column":29}},"type":"cond-expr","locations":[{"start":{"line":41,"column":8},"end":{"line":41,"column":42}},{"start":{"line":42,"column":8},"end":{"line":42,"column":29}}]},"3":{"loc":{"start":{"line":50,"column":6},"end":{"line":53,"column":7}},"type":"if","locations":[{"start":{"line":50,"column":6},"end":{"line":53,"column":7}}]},"4":{"loc":{"start":{"line":62,"column":24},"end":{"line":62,"column":97}},"type":"binary-expr","locations":[{"start":{"line":62,"column":24},"end":{"line":62,"column":70}},{"start":{"line":62,"column":74},"end":{"line":62,"column":97}}]},"5":{"loc":{"start":{"line":69,"column":6},"end":{"line":71,"column":7}},"type":"if","locations":[{"start":{"line":69,"column":6},"end":{"line":71,"column":7}}]},"6":{"loc":{"start":{"line":85,"column":11},"end":{"line":87,"column":46}},"type":"cond-expr","locations":[{"start":{"line":86,"column":8},"end":{"line":86,"column":56}},{"start":{"line":87,"column":8},"end":{"line":87,"column":46}}]},"7":{"loc":{"start":{"line":93,"column":6},"end":{"line":93,"column":44}},"type":"if","locations":[{"start":{"line":93,"column":6},"end":{"line":93,"column":44}}]},"8":{"loc":{"start":{"line":102,"column":8},"end":{"line":105,"column":9}},"type":"if","locations":[{"start":{"line":102,"column":8},"end":{"line":105,"column":9}}]}},"s":{"0":0,"1":0,"2":0,"3":0,"4":0,"5":0,"6":0,"7":0,"8":0,"9":0,"10":0,"11":0,"12":0,"13":0,"14":0,"15":0,"16":0,"17":0,"18":0,"19":0,"20":0,"21":0,"22":0,"23":0,"24":0,"25":0,"26":0,"27":0,"28":0,"29":0,"30":0,"31":0,"32":0,"33":0,"34":0,"35":0,"36":0,"37":0,"38":0,"39":0,"40":0,"41":0,"42":0,"43":0,"44":0,"45":0,"46":0,"47":0,"48":0,"49":0,"50":0,"51":0,"52":0,"53":0,"54":0,"55":0,"56":0},"f":{"0":0,"1":0,"2":0,"3":0,"4":0,"5":0,"6":0,"7":0},"b":{"0":[0],"1":[0,0],"2":[0,0],"3":[0],"4":[0,0],"5":[0],"6":[0,0],"7":[0],"8":[0]}}
,"D:\\restaurant innauvation\\src\\files\\pdf.controller.ts": {"path":"D:\\restaurant innauvation\\src\\files\\pdf.controller.ts","statementMap":{"0":{"start":{"line":1,"column":0},"end":{"line":1,"column":null}},"1":{"start":{"line":11,"column":0},"end":{"line":11,"column":43}},"2":{"start":{"line":12,"column":0},"end":{"line":12,"column":47}},"3":{"start":{"line":13,"column":0},"end":{"line":13,"column":61}},"4":{"start":{"line":14,"column":0},"end":{"line":14,"column":56}},"5":{"start":{"line":15,"column":0},"end":{"line":15,"column":60}},"6":{"start":{"line":16,"column":0},"end":{"line":16,"column":59}},"7":{"start":{"line":17,"column":0},"end":{"line":17,"column":61}},"8":{"start":{"line":18,"column":0},"end":{"line":18,"column":70}},"9":{"start":{"line":19,"column":0},"end":{"line":19,"column":54}},"10":{"start":{"line":22,"column":7},"end":{"line":105,"column":null}},"11":{"start":{"line":24,"column":21},"end":{"line":24,"column":33}},"12":{"start":{"line":25,"column":21},"end":{"line":25,"column":35}},"13":{"start":{"line":35,"column":19},"end":{"line":35,"column":81}},"14":{"start":{"line":37,"column":4},"end":{"line":42,"column":6}},"15":{"start":{"line":49,"column":4},"end":{"line":49,"column":50}},"16":{"start":{"line":59,"column":4},"end":{"line":61,"column":5}},"17":{"start":{"line":60,"column":6},"end":{"line":60,"column":63}},"18":{"start":{"line":63,"column":25},"end":{"line":63,"column":55}},"19":{"start":{"line":64,"column":19},"end":{"line":64,"column":70}},"20":{"start":{"line":66,"column":4},"end":{"line":68,"column":5}},"21":{"start":{"line":67,"column":6},"end":{"line":67,"column":65}},"22":{"start":{"line":70,"column":4},"end":{"line":74,"column":7}},"23":{"start":{"line":76,"column":4},"end":{"line":76,"column":28}},"24":{"start":{"line":86,"column":4},"end":{"line":88,"column":5}},"25":{"start":{"line":87,"column":6},"end":{"line":87,"column":63}},"26":{"start":{"line":90,"column":25},"end":{"line":90,"column":55}},"27":{"start":{"line":91,"column":19},"end":{"line":91,"column":70}},"28":{"start":{"line":93,"column":4},"end":{"line":95,"column":5}},"29":{"start":{"line":94,"column":6},"end":{"line":94,"column":65}},"30":{"start":{"line":97,"column":4},"end":{"line":101,"column":7}},"31":{"start":{"line":103,"column":4},"end":{"line":103,"column":28}},"32":{"start":{"line":22,"column":13},"end":{"line":22,"column":26}},"33":{"start":{"line":31,"column":8},"end":{"line":43,"column":null}},"34":{"start":{"line":48,"column":8},"end":{"line":50,"column":null}},"35":{"start":{"line":54,"column":8},"end":{"line":77,"column":null}},"36":{"start":{"line":81,"column":8},"end":{"line":104,"column":null}},"37":{"start":{"line":22,"column":13},"end":{"line":105,"column":null}}},"fnMap":{"0":{"name":"(anonymous_4)","decl":{"start":{"line":23,"column":2},"end":{"line":23,"column":null}},"loc":{"start":{"line":25,"column":47},"end":{"line":26,"column":6}}},"1":{"name":"(anonymous_5)","decl":{"start":{"line":31,"column":2},"end":{"line":31,"column":7}},"loc":{"start":{"line":33,"column":32},"end":{"line":43,"column":3}}},"2":{"name":"(anonymous_6)","decl":{"start":{"line":48,"column":2},"end":{"line":48,"column":7}},"loc":{"start":{"line":48,"column":48},"end":{"line":50,"column":3}}},"3":{"name":"(anonymous_7)","decl":{"start":{"line":54,"column":2},"end":{"line":54,"column":7}},"loc":{"start":{"line":56,"column":24},"end":{"line":77,"column":3}}},"4":{"name":"(anonymous_8)","decl":{"start":{"line":81,"column":2},"end":{"line":81,"column":7}},"loc":{"start":{"line":83,"column":24},"end":{"line":104,"column":3}}}},"branchMap":{"0":{"loc":{"start":{"line":59,"column":4},"end":{"line":61,"column":5}},"type":"if","locations":[{"start":{"line":59,"column":4},"end":{"line":61,"column":5}}]},"1":{"loc":{"start":{"line":66,"column":4},"end":{"line":68,"column":5}},"type":"if","locations":[{"start":{"line":66,"column":4},"end":{"line":68,"column":5}}]},"2":{"loc":{"start":{"line":86,"column":4},"end":{"line":88,"column":5}},"type":"if","locations":[{"start":{"line":86,"column":4},"end":{"line":88,"column":5}}]},"3":{"loc":{"start":{"line":93,"column":4},"end":{"line":95,"column":5}},"type":"if","locations":[{"start":{"line":93,"column":4},"end":{"line":95,"column":5}}]}},"s":{"0":0,"1":0,"2":0,"3":0,"4":0,"5":0,"6":0,"7":0,"8":0,"9":0,"10":0,"11":0,"12":0,"13":0,"14":0,"15":0,"16":0,"17":0,"18":0,"19":0,"20":0,"21":0,"22":0,"23":0,"24":0,"25":0,"26":0,"27":0,"28":0,"29":0,"30":0,"31":0,"32":0,"33":0,"34":0,"35":0,"36":0,"37":0},"f":{"0":0,"1":0,"2":0,"3":0,"4":0},"b":{"0":[0],"1":[0],"2":[0],"3":[0]}}
,"D:\\restaurant innauvation\\src\\files\\pdf.service.ts": {"path":"D:\\restaurant innauvation\\src\\files\\pdf.service.ts","statementMap":{"0":{"start":{"line":1,"column":0},"end":{"line":1,"column":65}},"1":{"start":{"line":2,"column":0},"end":{"line":2,"column":47}},"2":{"start":{"line":3,"column":0},"end":{"line":3,"column":57}},"3":{"start":{"line":4,"column":0},"end":{"line":4,"column":47}},"4":{"start":{"line":5,"column":0},"end":{"line":5,"column":39}},"5":{"start":{"line":40,"column":7},"end":{"line":466,"column":null}},"6":{"start":{"line":42,"column":12},"end":{"line":42,"column":27}},"7":{"start":{"line":43,"column":12},"end":{"line":43,"column":20}},"8":{"start":{"line":44,"column":12},"end":{"line":44,"column":26}},"9":{"start":{"line":49,"column":24},"end":{"line":49,"column":73}},"10":{"start":{"line":52,"column":24},"end":{"line":52,"column":61}},"11":{"start":{"line":55,"column":22},"end":{"line":55,"column":55}},"12":{"start":{"line":58,"column":21},"end":{"line":60,"column":null}},"13":{"start":{"line":62,"column":25},"end":{"line":62,"column":90}},"14":{"start":{"line":64,"column":4},"end":{"line":64,"column":24}},"15":{"start":{"line":68,"column":18},"end":{"line":99,"column":6}},"16":{"start":{"line":101,"column":4},"end":{"line":103,"column":5}},"17":{"start":{"line":102,"column":6},"end":{"line":102,"column":60}},"18":{"start":{"line":105,"column":4},"end":{"line":135,"column":6}},"19":{"start":{"line":128,"column":44},"end":{"line":134,"column":8}},"20":{"start":{"line":139,"column":41},"end":{"line":139,"column":45}},"21":{"start":{"line":141,"column":4},"end":{"line":371,"column":6}},"22":{"start":{"line":329,"column":32},"end":{"line":340,"column":14}},"23":{"start":{"line":375,"column":20},"end":{"line":378,"column":6}},"24":{"start":{"line":380,"column":4},"end":{"line":399,"column":5}},"25":{"start":{"line":381,"column":19},"end":{"line":381,"column":42}},"26":{"start":{"line":382,"column":6},"end":{"line":382,"column":41}},"27":{"start":{"line":384,"column":24},"end":{"line":394,"column":8}},"28":{"start":{"line":396,"column":6},"end":{"line":396,"column":36}},"29":{"start":{"line":398,"column":6},"end":{"line":398,"column":28}},"30":{"start":{"line":403,"column":43},"end":{"line":409,"column":6}},"31":{"start":{"line":410,"column":4},"end":{"line":410,"column":36}},"32":{"start":{"line":414,"column":43},"end":{"line":421,"column":6}},"33":{"start":{"line":422,"column":4},"end":{"line":422,"column":36}},"34":{"start":{"line":426,"column":22},"end":{"line":426,"column":55}},"35":{"start":{"line":427,"column":25},"end":{"line":427,"column":90}},"36":{"start":{"line":428,"column":4},"end":{"line":428,"column":24}},"37":{"start":{"line":435,"column":8},"end":{"line":459,"column":6}},"38":{"start":{"line":461,"column":4},"end":{"line":464,"column":6}},"39":{"start":{"line":40,"column":13},"end":{"line":40,"column":23}},"40":{"start":{"line":40,"column":13},"end":{"line":466,"column":null}}},"fnMap":{"0":{"name":"(anonymous_2)","decl":{"start":{"line":41,"column":2},"end":{"line":41,"column":null}},"loc":{"start":{"line":44,"column":38},"end":{"line":45,"column":6}}},"1":{"name":"(anonymous_3)","decl":{"start":{"line":47,"column":2},"end":{"line":47,"column":7}},"loc":{"start":{"line":47,"column":62},"end":{"line":65,"column":3}}},"2":{"name":"(anonymous_4)","decl":{"start":{"line":67,"column":10},"end":{"line":67,"column":15}},"loc":{"start":{"line":67,"column":69},"end":{"line":136,"column":3}}},"3":{"name":"(anonymous_5)","decl":{"start":{"line":128,"column":35},"end":{"line":128,"column":39}},"loc":{"start":{"line":128,"column":44},"end":{"line":134,"column":8}}},"4":{"name":"(anonymous_6)","decl":{"start":{"line":138,"column":10},"end":{"line":138,"column":29}},"loc":{"start":{"line":138,"column":47},"end":{"line":372,"column":3}}},"5":{"name":"(anonymous_7)","decl":{"start":{"line":329,"column":24},"end":{"line":329,"column":28}},"loc":{"start":{"line":329,"column":32},"end":{"line":340,"column":14}}},"6":{"name":"(anonymous_8)","decl":{"start":{"line":374,"column":10},"end":{"line":374,"column":15}},"loc":{"start":{"line":374,"column":45},"end":{"line":400,"column":3}}},"7":{"name":"(anonymous_9)","decl":{"start":{"line":402,"column":10},"end":{"line":402,"column":31}},"loc":{"start":{"line":402,"column":46},"end":{"line":411,"column":3}}},"8":{"name":"(anonymous_10)","decl":{"start":{"line":413,"column":10},"end":{"line":413,"column":24}},"loc":{"start":{"line":413,"column":39},"end":{"line":423,"column":3}}},"9":{"name":"(anonymous_11)","decl":{"start":{"line":425,"column":2},"end":{"line":425,"column":7}},"loc":{"start":{"line":425,"column":63},"end":{"line":429,"column":3}}},"10":{"name":"(anonymous_12)","decl":{"start":{"line":431,"column":2},"end":{"line":431,"column":7}},"loc":{"start":{"line":431,"column":36},"end":{"line":465,"column":3}}}},"branchMap":{"0":{"loc":{"start":{"line":101,"column":4},"end":{"line":103,"column":5}},"type":"if","locations":[{"start":{"line":101,"column":4},"end":{"line":103,"column":5}}]},"1":{"loc":{"start":{"line":116,"column":15},"end":{"line":119,"column":21}},"type":"cond-expr","locations":[{"start":{"line":116,"column":29},"end":{"line":119,"column":10}},{"start":{"line":119,"column":12},"end":{"line":119,"column":21}}]},"2":{"loc":{"start":{"line":290,"column":14},"end":{"line":290,"column":101}},"type":"cond-expr","locations":[{"start":{"line":290,"column":36},"end":{"line":290,"column":96}},{"start":{"line":290,"column":99},"end":{"line":290,"column":101}}]},"3":{"loc":{"start":{"line":293,"column":18},"end":{"line":293,"column":42}},"type":"binary-expr","locations":[{"start":{"line":293,"column":18},"end":{"line":293,"column":36}},{"start":{"line":293,"column":40},"end":{"line":293,"column":42}}]},"4":{"loc":{"start":{"line":294,"column":18},"end":{"line":294,"column":40}},"type":"binary-expr","locations":[{"start":{"line":294,"column":18},"end":{"line":294,"column":34}},{"start":{"line":294,"column":38},"end":{"line":294,"column":40}}]},"5":{"loc":{"start":{"line":295,"column":18},"end":{"line":295,"column":40}},"type":"binary-expr","locations":[{"start":{"line":295,"column":18},"end":{"line":295,"column":34}},{"start":{"line":295,"column":38},"end":{"line":295,"column":40}}]},"6":{"loc":{"start":{"line":308,"column":14},"end":{"line":313,"column":18}},"type":"cond-expr","locations":[{"start":{"line":308,"column":28},"end":{"line":313,"column":14}},{"start":{"line":313,"column":16},"end":{"line":313,"column":18}}]},"7":{"loc":{"start":{"line":311,"column":45},"end":{"line":311,"column":93}},"type":"cond-expr","locations":[{"start":{"line":311,"column":64},"end":{"line":311,"column":88}},{"start":{"line":311,"column":91},"end":{"line":311,"column":93}}]},"8":{"loc":{"start":{"line":314,"column":14},"end":{"line":319,"column":18}},"type":"cond-expr","locations":[{"start":{"line":314,"column":36},"end":{"line":319,"column":14}},{"start":{"line":319,"column":16},"end":{"line":319,"column":18}}]},"9":{"loc":{"start":{"line":320,"column":14},"end":{"line":325,"column":18}},"type":"cond-expr","locations":[{"start":{"line":320,"column":37},"end":{"line":325,"column":14}},{"start":{"line":325,"column":16},"end":{"line":325,"column":18}}]},"10":{"loc":{"start":{"line":338,"column":22},"end":{"line":338,"column":85}},"type":"cond-expr","locations":[{"start":{"line":338,"column":35},"end":{"line":338,"column":80}},{"start":{"line":338,"column":83},"end":{"line":338,"column":85}}]},"11":{"loc":{"start":{"line":354,"column":10},"end":{"line":359,"column":14}},"type":"cond-expr","locations":[{"start":{"line":354,"column":24},"end":{"line":359,"column":10}},{"start":{"line":359,"column":12},"end":{"line":359,"column":14}}]},"12":{"loc":{"start":{"line":410,"column":11},"end":{"line":410,"column":35}},"type":"binary-expr","locations":[{"start":{"line":410,"column":11},"end":{"line":410,"column":25}},{"start":{"line":410,"column":29},"end":{"line":410,"column":35}}]},"13":{"loc":{"start":{"line":422,"column":11},"end":{"line":422,"column":35}},"type":"binary-expr","locations":[{"start":{"line":422,"column":11},"end":{"line":422,"column":25}},{"start":{"line":422,"column":29},"end":{"line":422,"column":35}}]}},"s":{"0":0,"1":0,"2":0,"3":0,"4":0,"5":0,"6":0,"7":0,"8":0,"9":0,"10":0,"11":0,"12":0,"13":0,"14":0,"15":0,"16":0,"17":0,"18":0,"19":0,"20":0,"21":0,"22":0,"23":0,"24":0,"25":0,"26":0,"27":0,"28":0,"29":0,"30":0,"31":0,"32":0,"33":0,"34":0,"35":0,"36":0,"37":0,"38":0,"39":0,"40":0},"f":{"0":0,"1":0,"2":0,"3":0,"4":0,"5":0,"6":0,"7":0,"8":0,"9":0,"10":0},"b":{"0":[0],"1":[0,0],"2":[0,0],"3":[0,0],"4":[0,0],"5":[0,0],"6":[0,0],"7":[0,0],"8":[0,0],"9":[0,0],"10":[0,0],"11":[0,0],"12":[0,0],"13":[0,0]}}
,"D:\\restaurant innauvation\\src\\files\\qr-code.controller.ts": {"path":"D:\\restaurant innauvation\\src\\files\\qr-code.controller.ts","statementMap":{"0":{"start":{"line":1,"column":0},"end":{"line":1,"column":null}},"1":{"start":{"line":12,"column":0},"end":{"line":12,"column":65}},"2":{"start":{"line":13,"column":0},"end":{"line":13,"column":47}},"3":{"start":{"line":14,"column":0},"end":{"line":14,"column":61}},"4":{"start":{"line":15,"column":0},"end":{"line":15,"column":56}},"5":{"start":{"line":16,"column":0},"end":{"line":16,"column":60}},"6":{"start":{"line":17,"column":0},"end":{"line":17,"column":59}},"7":{"start":{"line":18,"column":0},"end":{"line":18,"column":61}},"8":{"start":{"line":19,"column":0},"end":{"line":19,"column":70}},"9":{"start":{"line":20,"column":0},"end":{"line":20,"column":54}},"10":{"start":{"line":23,"column":7},"end":{"line":200,"column":null}},"11":{"start":{"line":25,"column":21},"end":{"line":25,"column":36}},"12":{"start":{"line":26,"column":21},"end":{"line":26,"column":35}},"13":{"start":{"line":40,"column":35},"end":{"line":40,"column":37}},"14":{"start":{"line":42,"column":4},"end":{"line":42,"column":44}},"15":{"start":{"line":42,"column":14},"end":{"line":42,"column":44}},"16":{"start":{"line":43,"column":4},"end":{"line":43,"column":50}},"17":{"start":{"line":43,"column":16},"end":{"line":43,"column":50}},"18":{"start":{"line":44,"column":4},"end":{"line":48,"column":5}},"19":{"start":{"line":45,"column":6},"end":{"line":45,"column":25}},"20":{"start":{"line":46,"column":6},"end":{"line":46,"column":52}},"21":{"start":{"line":46,"column":21},"end":{"line":46,"column":52}},"22":{"start":{"line":47,"column":6},"end":{"line":47,"column":55}},"23":{"start":{"line":47,"column":22},"end":{"line":47,"column":55}},"24":{"start":{"line":50,"column":18},"end":{"line":50,"column":91}},"25":{"start":{"line":52,"column":4},"end":{"line":56,"column":6}},"26":{"start":{"line":69,"column":35},"end":{"line":69,"column":37}},"27":{"start":{"line":71,"column":4},"end":{"line":71,"column":44}},"28":{"start":{"line":71,"column":14},"end":{"line":71,"column":44}},"29":{"start":{"line":72,"column":4},"end":{"line":72,"column":50}},"30":{"start":{"line":72,"column":16},"end":{"line":72,"column":50}},"31":{"start":{"line":73,"column":4},"end":{"line":77,"column":5}},"32":{"start":{"line":74,"column":6},"end":{"line":74,"column":25}},"33":{"start":{"line":75,"column":6},"end":{"line":75,"column":52}},"34":{"start":{"line":75,"column":21},"end":{"line":75,"column":52}},"35":{"start":{"line":76,"column":6},"end":{"line":76,"column":55}},"36":{"start":{"line":76,"column":22},"end":{"line":76,"column":55}},"37":{"start":{"line":79,"column":18},"end":{"line":79,"column":83}},"38":{"start":{"line":81,"column":4},"end":{"line":85,"column":6}},"39":{"start":{"line":95,"column":35},"end":{"line":95,"column":37}},"40":{"start":{"line":97,"column":4},"end":{"line":97,"column":44}},"41":{"start":{"line":97,"column":14},"end":{"line":97,"column":44}},"42":{"start":{"line":98,"column":4},"end":{"line":98,"column":50}},"43":{"start":{"line":98,"column":16},"end":{"line":98,"column":50}},"44":{"start":{"line":100,"column":18},"end":{"line":100,"column":82}},"45":{"start":{"line":102,"column":4},"end":{"line":106,"column":6}},"46":{"start":{"line":113,"column":20},"end":{"line":113,"column":79}},"47":{"start":{"line":115,"column":4},"end":{"line":122,"column":6}},"48":{"start":{"line":118,"column":38},"end":{"line":121,"column":8}},"49":{"start":{"line":132,"column":18},"end":{"line":132,"column":84}},"50":{"start":{"line":134,"column":4},"end":{"line":138,"column":6}},"51":{"start":{"line":145,"column":4},"end":{"line":145,"column":56}},"52":{"start":{"line":155,"column":4},"end":{"line":157,"column":5}},"53":{"start":{"line":156,"column":6},"end":{"line":156,"column":63}},"54":{"start":{"line":159,"column":25},"end":{"line":159,"column":55}},"55":{"start":{"line":160,"column":19},"end":{"line":160,"column":70}},"56":{"start":{"line":162,"column":4},"end":{"line":164,"column":5}},"57":{"start":{"line":163,"column":6},"end":{"line":163,"column":69}},"58":{"start":{"line":166,"column":4},"end":{"line":170,"column":7}},"59":{"start":{"line":172,"column":4},"end":{"line":172,"column":28}},"60":{"start":{"line":182,"column":4},"end":{"line":184,"column":5}},"61":{"start":{"line":183,"column":6},"end":{"line":183,"column":63}},"62":{"start":{"line":186,"column":25},"end":{"line":186,"column":55}},"63":{"start":{"line":187,"column":19},"end":{"line":187,"column":70}},"64":{"start":{"line":189,"column":4},"end":{"line":191,"column":5}},"65":{"start":{"line":190,"column":6},"end":{"line":190,"column":69}},"66":{"start":{"line":193,"column":4},"end":{"line":196,"column":7}},"67":{"start":{"line":198,"column":4},"end":{"line":198,"column":28}},"68":{"start":{"line":23,"column":13},"end":{"line":23,"column":29}},"69":{"start":{"line":32,"column":8},"end":{"line":57,"column":null}},"70":{"start":{"line":62,"column":8},"end":{"line":86,"column":null}},"71":{"start":{"line":90,"column":8},"end":{"line":107,"column":null}},"72":{"start":{"line":112,"column":8},"end":{"line":123,"column":null}},"73":{"start":{"line":128,"column":8},"end":{"line":139,"column":null}},"74":{"start":{"line":144,"column":8},"end":{"line":146,"column":null}},"75":{"start":{"line":150,"column":8},"end":{"line":173,"column":null}},"76":{"start":{"line":177,"column":8},"end":{"line":199,"column":null}},"77":{"start":{"line":23,"column":13},"end":{"line":200,"column":null}}},"fnMap":{"0":{"name":"(anonymous_4)","decl":{"start":{"line":24,"column":2},"end":{"line":24,"column":null}},"loc":{"start":{"line":26,"column":47},"end":{"line":27,"column":6}}},"1":{"name":"(anonymous_5)","decl":{"start":{"line":32,"column":2},"end":{"line":32,"column":7}},"loc":{"start":{"line":38,"column":45},"end":{"line":57,"column":3}}},"2":{"name":"(anonymous_6)","decl":{"start":{"line":62,"column":2},"end":{"line":62,"column":7}},"loc":{"start":{"line":67,"column":45},"end":{"line":86,"column":3}}},"3":{"name":"(anonymous_7)","decl":{"start":{"line":90,"column":2},"end":{"line":90,"column":7}},"loc":{"start":{"line":93,"column":36},"end":{"line":107,"column":3}}},"4":{"name":"(anonymous_8)","decl":{"start":{"line":112,"column":2},"end":{"line":112,"column":7}},"loc":{"start":{"line":112,"column":60},"end":{"line":123,"column":3}}},"5":{"name":"(anonymous_9)","decl":{"start":{"line":118,"column":27},"end":{"line":118,"column":33}},"loc":{"start":{"line":118,"column":38},"end":{"line":121,"column":8}}},"6":{"name":"(anonymous_10)","decl":{"start":{"line":128,"column":2},"end":{"line":128,"column":7}},"loc":{"start":{"line":130,"column":32},"end":{"line":139,"column":3}}},"7":{"name":"(anonymous_11)","decl":{"start":{"line":144,"column":2},"end":{"line":144,"column":7}},"loc":{"start":{"line":144,"column":51},"end":{"line":146,"column":3}}},"8":{"name":"(anonymous_12)","decl":{"start":{"line":150,"column":2},"end":{"line":150,"column":7}},"loc":{"start":{"line":152,"column":24},"end":{"line":173,"column":3}}},"9":{"name":"(anonymous_13)","decl":{"start":{"line":177,"column":2},"end":{"line":177,"column":7}},"loc":{"start":{"line":179,"column":24},"end":{"line":199,"column":3}}}},"branchMap":{"0":{"loc":{"start":{"line":42,"column":4},"end":{"line":42,"column":44}},"type":"if","locations":[{"start":{"line":42,"column":4},"end":{"line":42,"column":44}}]},"1":{"loc":{"start":{"line":43,"column":4},"end":{"line":43,"column":50}},"type":"if","locations":[{"start":{"line":43,"column":4},"end":{"line":43,"column":50}}]},"2":{"loc":{"start":{"line":44,"column":4},"end":{"line":48,"column":5}},"type":"if","locations":[{"start":{"line":44,"column":4},"end":{"line":48,"column":5}}]},"3":{"loc":{"start":{"line":44,"column":8},"end":{"line":44,"column":31}},"type":"binary-expr","locations":[{"start":{"line":44,"column":8},"end":{"line":44,"column":17}},{"start":{"line":44,"column":21},"end":{"line":44,"column":31}}]},"4":{"loc":{"start":{"line":46,"column":6},"end":{"line":46,"column":52}},"type":"if","locations":[{"start":{"line":46,"column":6},"end":{"line":46,"column":52}}]},"5":{"loc":{"start":{"line":47,"column":6},"end":{"line":47,"column":55}},"type":"if","locations":[{"start":{"line":47,"column":6},"end":{"line":47,"column":55}}]},"6":{"loc":{"start":{"line":71,"column":4},"end":{"line":71,"column":44}},"type":"if","locations":[{"start":{"line":71,"column":4},"end":{"line":71,"column":44}}]},"7":{"loc":{"start":{"line":72,"column":4},"end":{"line":72,"column":50}},"type":"if","locations":[{"start":{"line":72,"column":4},"end":{"line":72,"column":50}}]},"8":{"loc":{"start":{"line":73,"column":4},"end":{"line":77,"column":5}},"type":"if","locations":[{"start":{"line":73,"column":4},"end":{"line":77,"column":5}}]},"9":{"loc":{"start":{"line":73,"column":8},"end":{"line":73,"column":31}},"type":"binary-expr","locations":[{"start":{"line":73,"column":8},"end":{"line":73,"column":17}},{"start":{"line":73,"column":21},"end":{"line":73,"column":31}}]},"10":{"loc":{"start":{"line":75,"column":6},"end":{"line":75,"column":52}},"type":"if","locations":[{"start":{"line":75,"column":6},"end":{"line":75,"column":52}}]},"11":{"loc":{"start":{"line":76,"column":6},"end":{"line":76,"column":55}},"type":"if","locations":[{"start":{"line":76,"column":6},"end":{"line":76,"column":55}}]},"12":{"loc":{"start":{"line":97,"column":4},"end":{"line":97,"column":44}},"type":"if","locations":[{"start":{"line":97,"column":4},"end":{"line":97,"column":44}}]},"13":{"loc":{"start":{"line":98,"column":4},"end":{"line":98,"column":50}},"type":"if","locations":[{"start":{"line":98,"column":4},"end":{"line":98,"column":50}}]},"14":{"loc":{"start":{"line":120,"column":20},"end":{"line":120,"column":88}},"type":"cond-expr","locations":[{"start":{"line":120,"column":36},"end":{"line":120,"column":81}},{"start":{"line":120,"column":84},"end":{"line":120,"column":88}}]},"15":{"loc":{"start":{"line":155,"column":4},"end":{"line":157,"column":5}},"type":"if","locations":[{"start":{"line":155,"column":4},"end":{"line":157,"column":5}}]},"16":{"loc":{"start":{"line":162,"column":4},"end":{"line":164,"column":5}},"type":"if","locations":[{"start":{"line":162,"column":4},"end":{"line":164,"column":5}}]},"17":{"loc":{"start":{"line":182,"column":4},"end":{"line":184,"column":5}},"type":"if","locations":[{"start":{"line":182,"column":4},"end":{"line":184,"column":5}}]},"18":{"loc":{"start":{"line":189,"column":4},"end":{"line":191,"column":5}},"type":"if","locations":[{"start":{"line":189,"column":4},"end":{"line":191,"column":5}}]}},"s":{"0":0,"1":0,"2":0,"3":0,"4":0,"5":0,"6":0,"7":0,"8":0,"9":0,"10":0,"11":0,"12":0,"13":0,"14":0,"15":0,"16":0,"17":0,"18":0,"19":0,"20":0,"21":0,"22":0,"23":0,"24":0,"25":0,"26":0,"27":0,"28":0,"29":0,"30":0,"31":0,"32":0,"33":0,"34":0,"35":0,"36":0,"37":0,"38":0,"39":0,"40":0,"41":0,"42":0,"43":0,"44":0,"45":0,"46":0,"47":0,"48":0,"49":0,"50":0,"51":0,"52":0,"53":0,"54":0,"55":0,"56":0,"57":0,"58":0,"59":0,"60":0,"61":0,"62":0,"63":0,"64":0,"65":0,"66":0,"67":0,"68":0,"69":0,"70":0,"71":0,"72":0,"73":0,"74":0,"75":0,"76":0,"77":0},"f":{"0":0,"1":0,"2":0,"3":0,"4":0,"5":0,"6":0,"7":0,"8":0,"9":0},"b":{"0":[0],"1":[0],"2":[0],"3":[0,0],"4":[0],"5":[0],"6":[0],"7":[0],"8":[0],"9":[0,0],"10":[0],"11":[0],"12":[0],"13":[0],"14":[0,0],"15":[0],"16":[0],"17":[0],"18":[0]}}
,"D:\\restaurant innauvation\\src\\files\\qr-code.service.ts": {"path":"D:\\restaurant innauvation\\src\\files\\qr-code.service.ts","statementMap":{"0":{"start":{"line":1,"column":0},"end":{"line":1,"column":65}},"1":{"start":{"line":2,"column":0},"end":{"line":2,"column":47}},"2":{"start":{"line":3,"column":0},"end":{"line":3,"column":57}},"3":{"start":{"line":4,"column":0},"end":{"line":4,"column":47}},"4":{"start":{"line":5,"column":0},"end":{"line":5,"column":33}},"5":{"start":{"line":18,"column":7},"end":{"line":244,"column":null}},"6":{"start":{"line":20,"column":12},"end":{"line":20,"column":27}},"7":{"start":{"line":21,"column":12},"end":{"line":21,"column":20}},"8":{"start":{"line":22,"column":12},"end":{"line":22,"column":26}},"9":{"start":{"line":27,"column":18},"end":{"line":41,"column":6}},"10":{"start":{"line":43,"column":4},"end":{"line":45,"column":5}},"11":{"start":{"line":44,"column":6},"end":{"line":44,"column":69}},"12":{"start":{"line":48,"column":24},"end":{"line":48,"column":97}},"13":{"start":{"line":49,"column":20},"end":{"line":49,"column":86}},"14":{"start":{"line":52,"column":22},"end":{"line":60,"column":6}},"15":{"start":{"line":63,"column":21},"end":{"line":63,"column":62}},"16":{"start":{"line":66,"column":21},"end":{"line":68,"column":null}},"17":{"start":{"line":70,"column":25},"end":{"line":70,"column":89}},"18":{"start":{"line":73,"column":4},"end":{"line":76,"column":7}},"19":{"start":{"line":78,"column":4},"end":{"line":78,"column":24}},"20":{"start":{"line":83,"column":19},"end":{"line":86,"column":6}},"21":{"start":{"line":88,"column":4},"end":{"line":90,"column":5}},"22":{"start":{"line":89,"column":6},"end":{"line":89,"column":61}},"23":{"start":{"line":93,"column":24},"end":{"line":93,"column":97}},"24":{"start":{"line":94,"column":20},"end":{"line":94,"column":62}},"25":{"start":{"line":97,"column":22},"end":{"line":105,"column":6}},"26":{"start":{"line":108,"column":21},"end":{"line":108,"column":62}},"27":{"start":{"line":111,"column":21},"end":{"line":113,"column":null}},"28":{"start":{"line":115,"column":25},"end":{"line":115,"column":89}},"29":{"start":{"line":117,"column":4},"end":{"line":117,"column":24}},"30":{"start":{"line":121,"column":22},"end":{"line":129,"column":6}},"31":{"start":{"line":131,"column":4},"end":{"line":131,"column":50}},"32":{"start":{"line":136,"column":19},"end":{"line":150,"column":6}},"33":{"start":{"line":152,"column":20},"end":{"line":152,"column":22}},"34":{"start":{"line":154,"column":4},"end":{"line":179,"column":5}},"35":{"start":{"line":155,"column":6},"end":{"line":178,"column":7}},"36":{"start":{"line":156,"column":22},"end":{"line":156,"column":72}},"37":{"start":{"line":157,"column":8},"end":{"line":165,"column":11}},"38":{"start":{"line":167,"column":8},"end":{"line":167,"column":81}},"39":{"start":{"line":168,"column":8},"end":{"line":177,"column":11}},"40":{"start":{"line":181,"column":4},"end":{"line":181,"column":19}},"41":{"start":{"line":186,"column":18},"end":{"line":189,"column":6}},"42":{"start":{"line":192,"column":4},"end":{"line":194,"column":5}},"43":{"start":{"line":193,"column":6},"end":{"line":193,"column":60}},"44":{"start":{"line":197,"column":4},"end":{"line":197,"column":55}},"45":{"start":{"line":205,"column":8},"end":{"line":234,"column":6}},"46":{"start":{"line":236,"column":4},"end":{"line":242,"column":6}},"47":{"start":{"line":18,"column":13},"end":{"line":18,"column":26}},"48":{"start":{"line":18,"column":13},"end":{"line":244,"column":null}}},"fnMap":{"0":{"name":"(anonymous_2)","decl":{"start":{"line":19,"column":2},"end":{"line":19,"column":null}},"loc":{"start":{"line":22,"column":38},"end":{"line":23,"column":6}}},"1":{"name":"(anonymous_3)","decl":{"start":{"line":25,"column":2},"end":{"line":25,"column":7}},"loc":{"start":{"line":25,"column":86},"end":{"line":79,"column":3}}},"2":{"name":"(anonymous_4)","decl":{"start":{"line":81,"column":2},"end":{"line":81,"column":7}},"loc":{"start":{"line":81,"column":70},"end":{"line":118,"column":3}}},"3":{"name":"(anonymous_5)","decl":{"start":{"line":120,"column":2},"end":{"line":120,"column":7}},"loc":{"start":{"line":120,"column":66},"end":{"line":132,"column":3}}},"4":{"name":"(anonymous_6)","decl":{"start":{"line":134,"column":2},"end":{"line":134,"column":7}},"loc":{"start":{"line":134,"column":48},"end":{"line":182,"column":3}}},"5":{"name":"(anonymous_7)","decl":{"start":{"line":184,"column":2},"end":{"line":184,"column":7}},"loc":{"start":{"line":184,"column":63},"end":{"line":198,"column":3}}},"6":{"name":"(anonymous_8)","decl":{"start":{"line":200,"column":2},"end":{"line":200,"column":7}},"loc":{"start":{"line":200,"column":39},"end":{"line":243,"column":3}}}},"branchMap":{"0":{"loc":{"start":{"line":43,"column":4},"end":{"line":45,"column":5}},"type":"if","locations":[{"start":{"line":43,"column":4},"end":{"line":45,"column":5}}]},"1":{"loc":{"start":{"line":48,"column":24},"end":{"line":48,"column":97}},"type":"binary-expr","locations":[{"start":{"line":48,"column":24},"end":{"line":48,"column":70}},{"start":{"line":48,"column":74},"end":{"line":48,"column":97}}]},"2":{"loc":{"start":{"line":53,"column":13},"end":{"line":53,"column":33}},"type":"binary-expr","locations":[{"start":{"line":53,"column":13},"end":{"line":53,"column":26}},{"start":{"line":53,"column":30},"end":{"line":53,"column":33}}]},"3":{"loc":{"start":{"line":54,"column":14},"end":{"line":54,"column":34}},"type":"binary-expr","locations":[{"start":{"line":54,"column":14},"end":{"line":54,"column":29}},{"start":{"line":54,"column":33},"end":{"line":54,"column":34}}]},"4":{"loc":{"start":{"line":56,"column":14},"end":{"line":56,"column":47}},"type":"binary-expr","locations":[{"start":{"line":56,"column":14},"end":{"line":56,"column":34}},{"start":{"line":56,"column":38},"end":{"line":56,"column":47}}]},"5":{"loc":{"start":{"line":57,"column":15},"end":{"line":57,"column":49}},"type":"binary-expr","locations":[{"start":{"line":57,"column":15},"end":{"line":57,"column":36}},{"start":{"line":57,"column":40},"end":{"line":57,"column":49}}]},"6":{"loc":{"start":{"line":59,"column":28},"end":{"line":59,"column":64}},"type":"binary-expr","locations":[{"start":{"line":59,"column":28},"end":{"line":59,"column":57}},{"start":{"line":59,"column":61},"end":{"line":59,"column":64}}]},"7":{"loc":{"start":{"line":88,"column":4},"end":{"line":90,"column":5}},"type":"if","locations":[{"start":{"line":88,"column":4},"end":{"line":90,"column":5}}]},"8":{"loc":{"start":{"line":93,"column":24},"end":{"line":93,"column":97}},"type":"binary-expr","locations":[{"start":{"line":93,"column":24},"end":{"line":93,"column":70}},{"start":{"line":93,"column":74},"end":{"line":93,"column":97}}]},"9":{"loc":{"start":{"line":98,"column":13},"end":{"line":98,"column":33}},"type":"binary-expr","locations":[{"start":{"line":98,"column":13},"end":{"line":98,"column":26}},{"start":{"line":98,"column":30},"end":{"line":98,"column":33}}]},"10":{"loc":{"start":{"line":99,"column":14},"end":{"line":99,"column":34}},"type":"binary-expr","locations":[{"start":{"line":99,"column":14},"end":{"line":99,"column":29}},{"start":{"line":99,"column":33},"end":{"line":99,"column":34}}]},"11":{"loc":{"start":{"line":101,"column":14},"end":{"line":101,"column":47}},"type":"binary-expr","locations":[{"start":{"line":101,"column":14},"end":{"line":101,"column":34}},{"start":{"line":101,"column":38},"end":{"line":101,"column":47}}]},"12":{"loc":{"start":{"line":102,"column":15},"end":{"line":102,"column":49}},"type":"binary-expr","locations":[{"start":{"line":102,"column":15},"end":{"line":102,"column":36}},{"start":{"line":102,"column":40},"end":{"line":102,"column":49}}]},"13":{"loc":{"start":{"line":104,"column":28},"end":{"line":104,"column":64}},"type":"binary-expr","locations":[{"start":{"line":104,"column":28},"end":{"line":104,"column":57}},{"start":{"line":104,"column":61},"end":{"line":104,"column":64}}]},"14":{"loc":{"start":{"line":122,"column":13},"end":{"line":122,"column":33}},"type":"binary-expr","locations":[{"start":{"line":122,"column":13},"end":{"line":122,"column":26}},{"start":{"line":122,"column":30},"end":{"line":122,"column":33}}]},"15":{"loc":{"start":{"line":123,"column":14},"end":{"line":123,"column":34}},"type":"binary-expr","locations":[{"start":{"line":123,"column":14},"end":{"line":123,"column":29}},{"start":{"line":123,"column":33},"end":{"line":123,"column":34}}]},"16":{"loc":{"start":{"line":125,"column":14},"end":{"line":125,"column":47}},"type":"binary-expr","locations":[{"start":{"line":125,"column":14},"end":{"line":125,"column":34}},{"start":{"line":125,"column":38},"end":{"line":125,"column":47}}]},"17":{"loc":{"start":{"line":126,"column":15},"end":{"line":126,"column":49}},"type":"binary-expr","locations":[{"start":{"line":126,"column":15},"end":{"line":126,"column":36}},{"start":{"line":126,"column":40},"end":{"line":126,"column":49}}]},"18":{"loc":{"start":{"line":128,"column":28},"end":{"line":128,"column":64}},"type":"binary-expr","locations":[{"start":{"line":128,"column":28},"end":{"line":128,"column":57}},{"start":{"line":128,"column":61},"end":{"line":128,"column":64}}]},"19":{"loc":{"start":{"line":192,"column":4},"end":{"line":194,"column":5}},"type":"if","locations":[{"start":{"line":192,"column":4},"end":{"line":194,"column":5}}]},"20":{"loc":{"start":{"line":240,"column":26},"end":{"line":240,"column":94}},"type":"cond-expr","locations":[{"start":{"line":240,"column":44},"end":{"line":240,"column":90}},{"start":{"line":240,"column":93},"end":{"line":240,"column":94}}]}},"s":{"0":0,"1":0,"2":0,"3":0,"4":0,"5":0,"6":0,"7":0,"8":0,"9":0,"10":0,"11":0,"12":0,"13":0,"14":0,"15":0,"16":0,"17":0,"18":0,"19":0,"20":0,"21":0,"22":0,"23":0,"24":0,"25":0,"26":0,"27":0,"28":0,"29":0,"30":0,"31":0,"32":0,"33":0,"34":0,"35":0,"36":0,"37":0,"38":0,"39":0,"40":0,"41":0,"42":0,"43":0,"44":0,"45":0,"46":0,"47":0,"48":0},"f":{"0":0,"1":0,"2":0,"3":0,"4":0,"5":0,"6":0},"b":{"0":[0],"1":[0,0],"2":[0,0],"3":[0,0],"4":[0,0],"5":[0,0],"6":[0,0],"7":[0],"8":[0,0],"9":[0,0],"10":[0,0],"11":[0,0],"12":[0,0],"13":[0,0],"14":[0,0],"15":[0,0],"16":[0,0],"17":[0,0],"18":[0,0],"19":[0],"20":[0,0]}}
,"D:\\restaurant innauvation\\src\\menu\\menu.controller.ts": {"path":"D:\\restaurant innauvation\\src\\menu\\menu.controller.ts","statementMap":{"0":{"start":{"line":1,"column":0},"end":{"line":1,"column":null}},"1":{"start":{"line":8,"column":0},"end":{"line":8,"column":45}},"2":{"start":{"line":9,"column":0},"end":{"line":9,"column":61}},"3":{"start":{"line":10,"column":0},"end":{"line":10,"column":56}},"4":{"start":{"line":11,"column":0},"end":{"line":11,"column":60}},"5":{"start":{"line":12,"column":0},"end":{"line":12,"column":59}},"6":{"start":{"line":13,"column":0},"end":{"line":13,"column":61}},"7":{"start":{"line":14,"column":0},"end":{"line":14,"column":70}},"8":{"start":{"line":15,"column":0},"end":{"line":15,"column":54}},"9":{"start":{"line":18,"column":7},"end":{"line":59,"column":null}},"10":{"start":{"line":19,"column":31},"end":{"line":19,"column":44}},"11":{"start":{"line":27,"column":35},"end":{"line":27,"column":64}},"12":{"start":{"line":28,"column":4},"end":{"line":28,"column":75}},"13":{"start":{"line":34,"column":4},"end":{"line":34,"column":54}},"14":{"start":{"line":43,"column":4},"end":{"line":43,"column":59}},"15":{"start":{"line":50,"column":4},"end":{"line":50,"column":52}},"16":{"start":{"line":57,"column":4},"end":{"line":57,"column":50}},"17":{"start":{"line":18,"column":13},"end":{"line":18,"column":27}},"18":{"start":{"line":23,"column":2},"end":{"line":29,"column":null}},"19":{"start":{"line":33,"column":2},"end":{"line":35,"column":null}},"20":{"start":{"line":39,"column":2},"end":{"line":44,"column":null}},"21":{"start":{"line":49,"column":2},"end":{"line":51,"column":null}},"22":{"start":{"line":56,"column":2},"end":{"line":58,"column":null}},"23":{"start":{"line":18,"column":13},"end":{"line":59,"column":null}}},"fnMap":{"0":{"name":"(anonymous_4)","decl":{"start":{"line":19,"column":2},"end":{"line":19,"column":31}},"loc":{"start":{"line":19,"column":55},"end":{"line":19,"column":59}}},"1":{"name":"(anonymous_5)","decl":{"start":{"line":23,"column":2},"end":{"line":23,"column":13}},"loc":{"start":{"line":25,"column":61},"end":{"line":29,"column":3}}},"2":{"name":"(anonymous_6)","decl":{"start":{"line":33,"column":2},"end":{"line":33,"column":15}},"loc":{"start":{"line":33,"column":55},"end":{"line":35,"column":3}}},"3":{"name":"(anonymous_7)","decl":{"start":{"line":39,"column":2},"end":{"line":39,"column":12}},"loc":{"start":{"line":41,"column":29},"end":{"line":44,"column":3}}},"4":{"name":"(anonymous_8)","decl":{"start":{"line":49,"column":2},"end":{"line":49,"column":14}},"loc":{"start":{"line":49,"column":43},"end":{"line":51,"column":3}}},"5":{"name":"(anonymous_9)","decl":{"start":{"line":56,"column":2},"end":{"line":56,"column":12}},"loc":{"start":{"line":56,"column":41},"end":{"line":58,"column":3}}}},"branchMap":{},"s":{"0":0,"1":0,"2":0,"3":0,"4":0,"5":0,"6":0,"7":0,"8":0,"9":0,"10":0,"11":0,"12":0,"13":0,"14":0,"15":0,"16":0,"17":0,"18":0,"19":0,"20":0,"21":0,"22":0,"23":0},"f":{"0":0,"1":0,"2":0,"3":0,"4":0,"5":0},"b":{}}
[...]
,"D:\\restaurant innauvation\\src\\users\\users.service.ts": {"path":"D:\\restaurant innauvation\\src\\users\\users.service.ts","statementMap":{"0":{"start":{"line":1,"column":0},"end":{"line":1,"column":102}},"1":{"start":{"line":2,"column":0},"end":{"line":2,"column":57}},"2":{"start":{"line":4,"column":0},"end":{"line":4,"column":33}},"3":{"start":{"line":29,"column":7},"end":{"line":248,"column":null}},"4":{"start":{"line":30,"column":22},"end":{"line":30,"column":30}},"5":{"start":{"line":34,"column":4},"end":{"line":36,"column":5}},"6":{"start":{"line":35,"column":6},"end":{"line":35,"column":98}},"7":{"start":{"line":39,"column":25},"end":{"line":41,"column":6}},"8":{"start":{"line":43,"column":4},"end":{"line":45,"column":5}},"9":{"start":{"line":44,"column":6},"end":{"line":44,"column":79}},"10":{"start":{"line":48,"column":23},"end":{"line":48,"column":25}},"11":{"start":{"line":49,"column":27},"end":{"line":49,"column":80}},"12":{"start":{"line":51,"column":4},"end":{"line":74,"column":7}},"13":{"start":{"line":78,"column":4},"end":{"line":91,"column":7}},"14":{"start":{"line":95,"column":17},"end":{"line":117,"column":6}},"15":{"start":{"line":119,"column":4},"end":{"line":121,"column":5}},"16":{"start":{"line":120,"column":6},"end":{"line":120,"column":60}},"17":{"start":{"line":123,"column":4},"end":{"line":123,"column":16}},"18":{"start":{"line":128,"column":4},"end":{"line":128,"column":37}},"19":{"start":{"line":131,"column":4},"end":{"line":142,"column":5}},"20":{"start":{"line":132,"column":27},"end":{"line":137,"column":8}},"21":{"start":{"line":139,"column":6},"end":{"line":141,"column":7}},"22":{"start":{"line":140,"column":8},"end":{"line":140,"column":81}},"23":{"start":{"line":144,"column":4},"end":{"line":157,"column":7}},"24":{"start":{"line":162,"column":4},"end":{"line":162,"column":37}},"25":{"start":{"line":165,"column":4},"end":{"line":175,"column":7}},"26":{"start":{"line":180,"column":17},"end":{"line":185,"column":6}},"27":{"start":{"line":187,"column":4},"end":{"line":189,"column":5}},"28":{"start":{"line":188,"column":6},"end":{"line":188,"column":60}},"29":{"start":{"line":192,"column":35},"end":{"line":194,"column":null}},"30":{"start":{"line":197,"column":4},"end":{"line":199,"column":5}},"31":{"start":{"line":198,"column":6},"end":{"line":198,"column":68}},"32":{"start":{"line":202,"column":23},"end":{"line":202,"column":25}},"33":{"start":{"line":203,"column":30},"end":{"line":203,"column":91}},"34":{"start":{"line":206,"column":4},"end":{"line":209,"column":7}},"35":{"start":{"line":212,"column":4},"end":{"line":222,"column":7}},"36":{"start":{"line":224,"column":4},"end":{"line":224,"column":59}},"37":{"start":{"line":228,"column":51},"end":{"line":236,"column":6}},"38":{"start":{"line":238,"column":4},"end":{"line":246,"column":6}},"39":{"start":{"line":243,"column":8},"end":{"line":243,"column":42}},"40":{"start":{"line":244,"column":8},"end":{"line":244,"column":19}},"41":{"start":{"line":29,"column":13},"end":{"line":29,"column":25}},"42":{"start":{"line":29,"column":13},"end":{"line":248,"column":null}}},"fnMap":{"0":{"name":"(anonymous_2)","decl":{"start":{"line":30,"column":2},"end":{"line":30,"column":22}},"loc":{"start":{"line":30,"column":43},"end":{"line":30,"column":47}}},"1":{"name":"(anonymous_3)","decl":{"start":{"line":32,"column":2},"end":{"line":32,"column":7}},"loc":{"start":{"line":32,"column":68},"end":{"line":75,"column":3}}},"2":{"name":"(anonymous_4)","decl":{"start":{"line":77,"column":2},"end":{"line":77,"column":7}},"loc":{"start":{"line":77,"column":40},"end":{"line":92,"column":3}}},"3":{"name":"(anonymous_5)","decl":{"start":{"line":94,"column":2},"end":{"line":94,"column":7}},"loc":{"start":{"line":94,"column":44},"end":{"line":124,"column":3}}},"4":{"name":"(anonymous_6)","decl":{"start":{"line":126,"column":2},"end":{"line":126,"column":7}},"loc":{"start":{"line":126,"column":73},"end":{"line":158,"column":3}}},"5":{"name":"(anonymous_7)","decl":{"start":{"line":160,"column":2},"end":{"line":160,"column":7}},"loc":{"start":{"line":160,"column":43},"end":{"line":176,"column":3}}},"6":{"name":"(anonymous_8)","decl":{"start":{"line":178,"column":2},"end":{"line":178,"column":7}},"loc":{"start":{"line":178,"column":93},"end":{"line":225,"column":3}}},"7":{"name":"(anonymous_9)","decl":{"start":{"line":227,"column":2},"end":{"line":227,"column":7}},"loc":{"start":{"line":227,"column":37},"end":{"line":247,"column":3}}},"8":{"name":"(anonymous_10)","decl":{"start":{"line":242,"column":38},"end":{"line":242,"column":39}},"loc":{"start":{"line":242,"column":52},"end":{"line":245,"column":7}}}},"branchMap":{"0":{"loc":{"start":{"line":34,"column":4},"end":{"line":36,"column":5}},"type":"if","locations":[{"start":{"line":34,"column":4},"end":{"line":36,"column":5}}]},"1":{"loc":{"start":{"line":43,"column":4},"end":{"line":45,"column":5}},"type":"if","locations":[{"start":{"line":43,"column":4},"end":{"line":45,"column":5}}]},"2":{"loc":{"start":{"line":119,"column":4},"end":{"line":121,"column":5}},"type":"if","locations":[{"start":{"line":119,"column":4},"end":{"line":121,"column":5}}]},"3":{"loc":{"start":{"line":131,"column":4},"end":{"line":142,"column":5}},"type":"if","locations":[{"start":{"line":131,"column":4},"end":{"line":142,"column":5}}]},"4":{"loc":{"start":{"line":139,"column":6},"end":{"line":141,"column":7}},"type":"if","locations":[{"start":{"line":139,"column":6},"end":{"line":141,"column":7}}]},"5":{"loc":{"start":{"line":187,"column":4},"end":{"line":189,"column":5}},"type":"if","locations":[{"start":{"line":187,"column":4},"end":{"line":189,"column":5}}]},"6":{"loc":{"start":{"line":197,"column":4},"end":{"line":199,"column":5}},"type":"if","locations":[{"start":{"line":197,"column":4},"end":{"line":199,"column":5}}]}},"s":{"0":0,"1":0,"2":0,"3":0,"4":0,"5":0,"6":0,"7":0,"8":0,"9":0,"10":0,"11":0,"12":0,"13":0,"14":0,"15":0,"16":0,"17":0,"18":0,"19":0,"20":0,"21":0,"22":0,"23":0,"24":0,"25":0,"26":0,"27":0,"28":0,"29":0,"30":0,"31":0,"32":0,"33":0,"34":0,"35":0,"36":0,"37":0,"38":0,"39":0,"40":0,"41":0,"42":0},"f":{"0":0,"1":0,"2":0,"3":0,"4":0,"5":0,"6":0,"7":0,"8":0},"b":{"0":[0],"1":[0],"2":[0],"3":[0],"4":[0],"5":[0],"6":[0]}}
,"D:\\restaurant innauvation\\src\\websocket\\orders.gateway.ts": {"path":"D:\\restaurant innauvation\\src\\websocket\\orders.gateway.ts","statementMap":{"0":{"start":{"line":1,"column":0},"end":{"line":1,"column":null}},"1":{"start":{"line":11,"column":0},"end":{"line":11,"column":43}},"2":{"start":{"line":12,"column":0},"end":{"line":12,"column":55}},"3":{"start":{"line":13,"column":0},"end":{"line":13,"column":41}},"4":{"start":{"line":14,"column":0},"end":{"line":14,"column":47}},"5":{"start":{"line":15,"column":0},"end":{"line":15,"column":55}},"6":{"start":{"line":16,"column":0},"end":{"line":16,"column":57}},"7":{"start":{"line":35,"column":7},"end":{"line":206,"column":null}},"8":{"start":{"line":40,"column":12},"end":{"line":40,"column":24}},"9":{"start":{"line":41,"column":12},"end":{"line":41,"column":27}},"10":{"start":{"line":42,"column":12},"end":{"line":42,"column":30}},"11":{"start":{"line":43,"column":12},"end":{"line":43,"column":20}},"12":{"start":{"line":47,"column":4},"end":{"line":47,"column":44}},"13":{"start":{"line":48,"column":4},"end":{"line":48,"column":70}},"14":{"start":{"line":52,"column":4},"end":{"line":143,"column":5}},"15":{"start":{"line":54,"column":20},"end":{"line":54,"column":115}},"16":{"start":{"line":56,"column":6},"end":{"line":60,"column":7}},"17":{"start":{"line":57,"column":8},"end":{"line":57,"column":66}},"18":{"start":{"line":58,"column":8},"end":{"line":58,"column":28}},"19":{"start":{"line":59,"column":8},"end":{"line":59,"column":15}},"20":{"start":{"line":62,"column":22},"end":{"line":64,"column":8}},"21":{"start":{"line":67,"column":19},"end":{"line":82,"column":8}},"22":{"start":{"line":84,"column":6},"end":{"line":88,"column":7}},"23":{"start":{"line":85,"column":8},"end":{"line":85,"column":69}},"24":{"start":{"line":86,"column":8},"end":{"line":86,"column":28}},"25":{"start":{"line":87,"column":8},"end":{"line":87,"column":15}},"26":{"start":{"line":91,"column":6},"end":{"line":96,"column":8}},"27":{"start":{"line":99,"column":6},"end":{"line":99,"column":52}},"28":{"start":{"line":100,"column":6},"end":{"line":100,"column":65}},"29":{"start":{"line":101,"column":6},"end":{"line":101,"column":43}},"30":{"start":{"line":104,"column":6},"end":{"line":106,"column":7}},"31":{"start":{"line":105,"column":8},"end":{"line":105,"column":62}},"32":{"start":{"line":108,"column":6},"end":{"line":108,"column":107}},"33":{"start":{"line":111,"column":27},"end":{"line":136,"column":8}},"34":{"start":{"line":138,"column":6},"end":{"line":138,"column":49}},"35":{"start":{"line":141,"column":6},"end":{"line":141,"column":73}},"36":{"start":{"line":142,"column":6},"end":{"line":142,"column":26}},"37":{"start":{"line":147,"column":4},"end":{"line":149,"column":5}},"38":{"start":{"line":148,"column":6},"end":{"line":148,"column":74}},"39":{"start":{"line":154,"column":4},"end":{"line":157,"column":5}},"40":{"start":{"line":155,"column":6},"end":{"line":155,"column":61}},"41":{"start":{"line":156,"column":6},"end":{"line":156,"column":66}},"42":{"start":{"line":162,"column":4},"end":{"line":165,"column":5}},"43":{"start":{"line":163,"column":6},"end":{"line":163,"column":62}},"44":{"start":{"line":164,"column":6},"end":{"line":164,"column":65}},"45":{"start":{"line":170,"column":4},"end":{"line":170,"column":29}},"46":{"start":{"line":170,"column":22},"end":{"line":170,"column":29}},"47":{"start":{"line":172,"column":25},"end":{"line":197,"column":6}},"48":{"start":{"line":199,"column":4},"end":{"line":199,"column":47}},"49":{"start":{"line":204,"column":4},"end":{"line":204,"column":65}},"50":{"start":{"line":35,"column":13},"end":{"line":35,"column":26}},"51":{"start":{"line":37,"column":2},"end":{"line":37,"column":null}},"52":{"start":{"line":153,"column":2},"end":{"line":158,"column":null}},"53":{"start":{"line":161,"column":2},"end":{"line":166,"column":null}},"54":{"start":{"line":169,"column":8},"end":{"line":200,"column":null}},"55":{"start":{"line":203,"column":2},"end":{"line":205,"column":null}},"56":{"start":{"line":35,"column":13},"end":{"line":206,"column":null}}},"fnMap":{"0":{"name":"(anonymous_4)","decl":{"start":{"line":39,"column":2},"end":{"line":39,"column":null}},"loc":{"start":{"line":43,"column":33},"end":{"line":44,"column":6}}},"1":{"name":"(anonymous_5)","decl":{"start":{"line":46,"column":2},"end":{"line":46,"column":11}},"loc":{"start":{"line":46,"column":26},"end":{"line":49,"column":3}}},"2":{"name":"(anonymous_6)","decl":{"start":{"line":51,"column":2},"end":{"line":51,"column":7}},"loc":{"start":{"line":51,"column":52},"end":{"line":144,"column":3}}},"3":{"name":"(anonymous_7)","decl":{"start":{"line":146,"column":2},"end":{"line":146,"column":18}},"loc":{"start":{"line":146,"column":46},"end":{"line":150,"column":3}}},"4":{"name":"(anonymous_8)","decl":{"start":{"line":153,"column":2},"end":{"line":153,"column":19}},"loc":{"start":{"line":153,"column":66},"end":{"line":158,"column":3}}},"5":{"name":"(anonymous_9)","decl":{"start":{"line":161,"column":2},"end":{"line":161,"column":20}},"loc":{"start":{"line":161,"column":67},"end":{"line":166,"column":3}}},"6":{"name":"(anonymous_10)","decl":{"start":{"line":169,"column":2},"end":{"line":169,"column":7}},"loc":{"start":{"line":169,"column":76},"end":{"line":200,"column":3}}},"7":{"name":"(anonymous_11)","decl":{"start":{"line":203,"column":2},"end":{"line":203,"column":12}},"loc":{"start":{"line":203,"column":59},"end":{"line":205,"column":3}}}},"branchMap":{"0":{"loc":{"start":{"line":54,"column":20},"end":{"line":54,"column":115}},"type":"binary-expr","locations":[{"start":{"line":54,"column":20},"end":{"line":54,"column":48}},{"start":{"line":54,"column":52},"end":{"line":54,"column":115}}]},"1":{"loc":{"start":{"line":56,"column":6},"end":{"line":60,"column":7}},"type":"if","locations":[{"start":{"line":56,"column":6},"end":{"line":60,"column":7}}]},"2":{"loc":{"start":{"line":84,"column":6},"end":{"line":88,"column":7}},"type":"if","locations":[{"start":{"line":84,"column":6},"end":{"line":88,"column":7}}]},"3":{"loc":{"start":{"line":84,"column":10},"end":{"line":84,"column":60}},"type":"binary-expr","locations":[{"start":{"line":84,"column":10},"end":{"line":84,"column":15}},{"start":{"line":84,"column":19},"end":{"line":84,"column":34}},{"start":{"line":84,"column":38},"end":{"line":84,"column":60}}]},"4":{"loc":{"start":{"line":104,"column":6},"end":{"line":106,"column":7}},"type":"if","locations":[{"start":{"line":104,"column":6},"end":{"line":106,"column":7}}]},"5":{"loc":{"start":{"line":147,"column":4},"end":{"line":149,"column":5}},"type":"if","locations":[{"start":{"line":147,"column":4},"end":{"line":149,"column":5}}]},"6":{"loc":{"start":{"line":154,"column":4},"end":{"line":157,"column":5}},"type":"if","locations":[{"start":{"line":154,"column":4},"end":{"line":157,"column":5}}]},"7":{"loc":{"start":{"line":162,"column":4},"end":{"line":165,"column":5}},"type":"if","locations":[{"start":{"line":162,"column":4},"end":{"line":165,"column":5}}]},"8":{"loc":{"start":{"line":170,"column":4},"end":{"line":170,"column":29}},"type":"if","locations":[{"start":{"line":170,"column":4},"end":{"line":170,"column":29}}]}},"s":{"0":0,"1":0,"2":0,"3":0,"4":0,"5":0,"6":0,"7":0,"8":0,"9":0,"10":0,"11":0,"12":0,"13":0,"14":0,"15":0,"16":0,"17":0,"18":0,"19":0,"20":0,"21":0,"22":0,"23":0,"24":0,"25":0,"26":0,"27":0,"28":0,"29":0,"30":0,"31":0,"32":0,"33":0,"34":0,"35":0,"36":0,"37":0,"38":0,"39":0,"40":0,"41":0,"42":0,"43":0,"44":0,"45":0,"46":0,"47":0,"48":0,"49":0,"50":0,"51":0,"52":0,"53":0,"54":0,"55":0,"56":0},"f":{"0":0,"1":0,"2":0,"3":0,"4":0,"5":0,"6":0,"7":0},"b":{"0":[0,0],"1":[0],"2":[0],"3":[0,0,0],"4":[0],"5":[0],"6":[0],"7":[0],"8":[0]}}
,"D:\\restaurant innauvation\\src\\websocket\\websocket.service.ts": {"path":"D:\\restaurant innauvation\\src\\websocket\\websocket.service.ts","statementMap":{"0":{"start":{"line":1,"column":0},"end":{"line":1,"column":44}},"1":{"start":{"line":5,"column":7},"end":{"line":114,"column":null}},"2":{"start":{"line":9,"column":4},"end":{"line":9,"column":25}},"3":{"start":{"line":14,"column":4},"end":{"line":16,"column":5}},"4":{"start":{"line":15,"column":6},"end":{"line":15,"column":61}},"5":{"start":{"line":21,"column":4},"end":{"line":23,"column":5}},"6":{"start":{"line":22,"column":6},"end":{"line":22,"column":69}},"7":{"start":{"line":28,"column":4},"end":{"line":30,"column":5}},"8":{"start":{"line":29,"column":6},"end":{"line":29,"column":57}},"9":{"start":{"line":35,"column":4},"end":{"line":39,"column":7}},"10":{"start":{"line":42,"column":4},"end":{"line":46,"column":7}},"11":{"start":{"line":48,"column":4},"end":{"line":52,"column":7}},"12":{"start":{"line":57,"column":4},"end":{"line":61,"column":7}},"13":{"start":{"line":66,"column":4},"end":{"line":70,"column":7}},"14":{"start":{"line":75,"column":4},"end":{"line":79,"column":7}},"15":{"start":{"line":81,"column":4},"end":{"line":85,"column":7}},"16":{"start":{"line":90,"column":4},"end":{"line":94,"column":7}},"17":{"start":{"line":99,"column":4},"end":{"line":103,"column":7}},"18":{"start":{"line":108,"column":4},"end":{"line":112,"column":7}},"19":{"start":{"line":5,"column":13},"end":{"line":5,"column":29}},"20":{"start":{"line":5,"column":13},"end":{"line":114,"column":null}}},"fnMap":{"0":{"name":"(anonymous_1)","decl":{"start":{"line":8,"column":2},"end":{"line":8,"column":11}},"loc":{"start":{"line":8,"column":26},"end":{"line":10,"column":3}}},"1":{"name":"(anonymous_2)","decl":{"start":{"line":13,"column":2},"end":{"line":13,"column":14}},"loc":{"start":{"line":13,"column":57},"end":{"line":17,"column":3}}},"2":{"name":"(anonymous_3)","decl":{"start":{"line":20,"column":2},"end":{"line":20,"column":18}},"loc":{"start":{"line":20,"column":75},"end":{"line":24,"column":3}}},"3":{"name":"(anonymous_4)","decl":{"start":{"line":27,"column":2},"end":{"line":27,"column":12}},"loc":{"start":{"line":27,"column":53},"end":{"line":31,"column":3}}},"4":{"name":"(anonymous_5)","decl":{"start":{"line":34,"column":2},"end":{"line":34,"column":14}},"loc":{"start":{"line":34,"column":47},"end":{"line":53,"column":3}}},"5":{"name":"(anonymous_6)","decl":{"start":{"line":56,"column":2},"end":{"line":56,"column":23}},"loc":{"start":{"line":56,"column":56},"end":{"line":62,"column":3}}},"6":{"name":"(anonymous_7)","decl":{"start":{"line":65,"column":2},"end":{"line":65,"column":16}},"loc":{"start":{"line":65,"column":49},"end":{"line":71,"column":3}}},"7":{"name":"(anonymous_8)","decl":{"start":{"line":74,"column":2},"end":{"line":74,"column":17}},"loc":{"start":{"line":74,"column":46},"end":{"line":86,"column":3}}},"8":{"name":"(anonymous_9)","decl":{"start":{"line":89,"column":2},"end":{"line":89,"column":22}},"loc":{"start":{"line":89,"column":57},"end":{"line":95,"column":3}}},"9":{"name":"(anonymous_10)","decl":{"start":{"line":98,"column":2},"end":{"line":98,"column":20}},"loc":{"start":{"line":98,"column":55},"end":{"line":104,"column":3}}},"10":{"name":"(anonymous_11)","decl":{"start":{"line":107,"column":2},"end":{"line":107,"column":19}},"loc":{"start":{"line":107,"column":54},"end":{"line":113,"column":3}}}},"branchMap":{"0":{"loc":{"start":{"line":14,"column":4},"end":{"line":16,"column":5}},"type":"if","locations":[{"start":{"line":14,"column":4},"end":{"line":16,"column":5}}]},"1":{"loc":{"start":{"line":21,"column":4},"end":{"line":23,"column":5}},"type":"if","locations":[{"start":{"line":21,"column":4},"end":{"line":23,"column":5}}]},"2":{"loc":{"start":{"line":28,"column":4},"end":{"line":30,"column":5}},"type":"if","locations":[{"start":{"line":28,"column":4},"end":{"line":30,"column":5}}]}},"s":{"0":0,"1":0,"2":0,"3":0,"4":0,"5":0,"6":0,"7":0,"8":0,"9":0,"10":0,"11":0,"12":0,"13":0,"14":0,"15":0,"16":0,"17":0,"18":0,"19":0,"20":0},"f":{"0":0,"1":0,"2":0,"3":0,"4":0,"5":0,"6":0,"7":0,"8":0,"9":0,"10":0},"b":{"0":[0],"1":[0],"2":[0]}}
}
