TN:
SF:src\auth\auth.controller.ts
FN:22,(anonymous_4)
FN:27,(anonymous_5)
FN:34,(anonymous_6)
FN:41,(anonymous_7)
FN:47,(anonymous_8)
FN:53,(anonymous_9)
FNF:6
FNH:0
FNDA:0,(anonymous_4)
FNDA:0,(anonymous_5)
FNDA:0,(anonymous_6)
FNDA:0,(anonymous_7)
FNDA:0,(anonymous_8)
FNDA:0,(anonymous_9)
DA:1,0
DA:11,0
DA:12,0
DA:13,0
DA:15,0
DA:16,0
DA:17,0
DA:21,0
DA:22,0
DA:27,0
DA:28,0
DA:34,0
DA:35,0
DA:41,0
DA:42,0
DA:47,0
DA:48,0
DA:53,0
DA:54,0
LF:19
LH:0
BRF:0
BRH:0
end_of_record
TN:
SF:src\auth\auth.service.ts
FN:38,(anonymous_2)
FN:45,(anonymous_3)
FN:126,(anonymous_4)
FN:172,(anonymous_5)
FN:189,(anonymous_6)
FN:225,(anonymous_7)
FN:253,(anonymous_8)
FNF:7
FNH:0
FNDA:0,(anonymous_2)
FNDA:0,(anonymous_3)
FNDA:0,(anonymous_4)
FNDA:0,(anonymous_5)
FNDA:0,(anonymous_6)
FNDA:0,(anonymous_7)
FNDA:0,(anonymous_8)
DA:1,0
DA:2,0
DA:3,0
DA:4,0
DA:5,0
DA:6,0
DA:37,0
DA:39,0
DA:40,0
DA:41,0
DA:42,0
DA:47,0
DA:54,0
DA:55,0
DA:59,0
DA:63,0
DA:64,0
DA:68,0
DA:69,0
DA:72,0
DA:89,0
DA:103,0
DA:110,0
DA:112,0
DA:128,0
DA:130,0
DA:131,0
DA:135,0
DA:149,0
DA:156,0
DA:158,0
DA:174,0
DA:186,0
DA:190,0
DA:204,0
DA:205,0
DA:209,0
DA:210,0
DA:214,0
DA:216,0
DA:217,0
DA:221,0
DA:222,0
DA:226,0
DA:240,0
DA:241,0
DA:245,0
DA:246,0
DA:249,0
DA:250,0
DA:254,0
DA:280,0
DA:281,0
DA:284,0
LF:54
LH:0
BRDA:54,0,0,0
BRDA:63,1,0,0
BRDA:130,2,0,0
BRDA:204,3,0,0
BRDA:209,4,0,0
BRDA:209,5,0,0
BRDA:209,5,1,0
BRDA:216,6,0,0
BRDA:240,7,0,0
BRDA:240,8,0,0
BRDA:240,8,1,0
BRDA:240,8,2,0
BRDA:245,9,0,0
BRDA:245,10,0,0
BRDA:245,10,1,0
BRDA:280,11,0,0
BRF:16
BRH:0
end_of_record
TN:
SF:src\auth\decorators\public.decorator.ts
FN:4,(anonymous_0)
FNF:1
FNH:0
FNDA:0,(anonymous_0)
DA:1,0
DA:3,0
DA:4,0
LF:3
LH:0
BRF:0
BRH:0
end_of_record
TN:
SF:src\auth\decorators\roles.decorator.ts
FN:5,(anonymous_0)
FNF:1
FNH:0
FNDA:0,(anonymous_0)
DA:1,0
DA:4,0
DA:5,0
LF:3
LH:0
BRF:0
BRH:0
end_of_record
TN:
SF:src\auth\guards\jwt-auth.guard.ts
FN:8,(anonymous_2)
FN:12,(anonymous_3)
FNF:2
FNH:0
FNDA:0,(anonymous_2)
FNDA:0,(anonymous_3)
DA:1,0
DA:2,0
DA:3,0
DA:4,0
DA:7,0
DA:8,0
DA:9,0
DA:13,0
DA:18,0
DA:19,0
DA:22,0
LF:11
LH:0
BRDA:18,0,0,0
BRF:1
BRH:0
end_of_record
TN:
SF:src\auth\guards\local-auth.guard.ts
FNF:0
FNH:0
DA:1,0
DA:2,0
DA:5,0
LF:3
LH:0
BRF:0
BRH:0
end_of_record
TN:
SF:src\auth\guards\roles.guard.ts
FN:9,(anonymous_2)
FN:11,(anonymous_3)
FN:29,(anonymous_4)
FNF:3
FNH:0
FNDA:0,(anonymous_2)
FNDA:0,(anonymous_3)
FNDA:0,(anonymous_4)
DA:1,0
DA:2,0
DA:4,0
DA:8,0
DA:9,0
DA:12,0
DA:17,0
DA:18,0
DA:21,0
DA:22,0
DA:24,0
DA:25,0
DA:29,0
DA:31,0
DA:32,0
DA:37,0
LF:16
LH:0
BRDA:17,0,0,0
BRDA:24,1,0,0
BRDA:31,2,0,0
BRF:3
BRH:0
end_of_record
TN:
SF:src\auth\strategies\jwt.strategy.ts
FN:9,(anonymous_2)
FN:20,(anonymous_3)
FNF:2
FNH:0
FNDA:0,(anonymous_2)
FNDA:0,(anonymous_3)
DA:1,0
DA:2,0
DA:3,0
DA:4,0
DA:5,0
DA:8,0
DA:10,0
DA:11,0
DA:13,0
DA:21,0
DA:23,0
DA:24,0
DA:27,0
LF:13
LH:0
BRDA:23,0,0,0
BRF:1
BRH:0
end_of_record
TN:
SF:src\auth\strategies\local.strategy.ts
FN:8,(anonymous_2)
FN:15,(anonymous_3)
FNF:2
FNH:0
FNDA:0,(anonymous_2)
FNDA:0,(anonymous_3)
DA:1,0
DA:2,0
DA:3,0
DA:4,0
DA:7,0
DA:8,0
DA:9,0
DA:16,0
DA:18,0
DA:19,0
DA:22,0
LF:11
LH:0
BRDA:18,0,0,0
BRF:1
BRH:0
end_of_record
TN:
SF:src\common\decorators\tenant.decorator.ts
FN:5,(anonymous_0)
FN:12,(anonymous_1)
FNF:2
FNH:0
FNDA:0,(anonymous_0)
FNDA:0,(anonymous_1)
DA:1,0
DA:4,0
DA:6,0
DA:7,0
DA:11,0
DA:13,0
DA:14,0
LF:7
LH:0
BRF:0
BRH:0
end_of_record
TN:
SF:src\common\guards\tenant.guard.ts
FN:6,(anonymous_1)
FNF:1
FNH:0
FNDA:0,(anonymous_1)
DA:1,0
DA:5,0
DA:7,0
DA:10,0
DA:11,0
DA:15,0
DA:16,0
DA:19,0
LF:8
LH:0
BRDA:10,0,0,0
BRDA:15,1,0,0
BRDA:15,2,0,0
BRDA:15,2,1,0
BRF:4
BRH:0
end_of_record
TN:
SF:src\common\middleware\tenant.middleware.ts
FN:23,(anonymous_2)
FN:29,(anonymous_3)
FN:72,(anonymous_4)
FN:92,(anonymous_5)
FNF:4
FNH:0
FNDA:0,(anonymous_2)
FNDA:0,(anonymous_3)
FNDA:0,(anonymous_4)
FNDA:0,(anonymous_5)
DA:1,0
DA:3,0
DA:4,0
DA:5,0
DA:22,0
DA:24,0
DA:25,0
DA:26,0
DA:30,0
DA:32,0
DA:34,0
DA:36,0
DA:39,0
DA:41,0
DA:53,0
DA:54,0
DA:58,0
DA:61,0
DA:62,0
DA:66,0
DA:68,0
DA:74,0
DA:75,0
DA:78,0
DA:79,0
DA:82,0
DA:86,0
DA:87,0
DA:89,0
DA:93,0
DA:94,0
DA:95,0
DA:96,0
DA:99,0
DA:100,0
DA:104,0
DA:107,0
LF:37
LH:0
BRDA:34,0,0,0
BRDA:39,1,0,0
BRDA:53,2,0,0
BRDA:61,3,0,0
BRDA:61,4,0,0
BRDA:61,4,1,0
BRDA:75,5,0,0
BRDA:79,6,0,0
BRDA:87,7,0,0
BRDA:95,8,0,0
BRDA:95,9,0,0
BRDA:95,9,1,0
BRDA:104,10,0,0
BRDA:104,10,1,0
BRF:14
BRH:0
end_of_record
TN:
SF:src\common\types\order.types.ts
FN:2,(anonymous_0)
FN:11,(anonymous_1)
FNF:2
FNH:0
FNDA:0,(anonymous_0)
FNDA:0,(anonymous_1)
DA:2,0
DA:3,0
DA:4,0
DA:5,0
DA:6,0
DA:7,0
DA:8,0
DA:11,0
DA:12,0
DA:13,0
DA:14,0
DA:15,0
DA:16,0
LF:13
LH:0
BRDA:2,0,0,0
BRDA:2,0,1,0
BRDA:11,1,0,0
BRDA:11,1,1,0
BRF:4
BRH:0
end_of_record
TN:
SF:src\common\types\user.types.ts
FN:2,(anonymous_0)
FNF:1
FNH:0
FNDA:0,(anonymous_0)
DA:2,0
DA:3,0
DA:4,0
DA:5,0
LF:4
LH:0
BRDA:2,0,0,0
BRDA:2,0,1,0
BRF:2
BRH:0
end_of_record
TN:
SF:src\files\files.service.ts
FN:11,(anonymous_2)
FN:23,(anonymous_3)
FN:29,(anonymous_4)
FN:47,(anonymous_5)
FN:61,(anonymous_6)
FN:66,(anonymous_7)
FN:79,(anonymous_8)
FN:90,(anonymous_9)
FNF:8
FNH:0
FNDA:0,(anonymous_2)
FNDA:0,(anonymous_3)
FNDA:0,(anonymous_4)
FNDA:0,(anonymous_5)
FNDA:0,(anonymous_6)
FNDA:0,(anonymous_7)
FNDA:0,(anonymous_8)
FNDA:0,(anonymous_9)
DA:1,0
DA:2,0
DA:3,0
DA:4,0
DA:7,0
DA:11,0
DA:13,0
DA:14,0
DA:17,0
DA:18,0
DA:19,0
DA:20,0
DA:24,0
DA:25,0
DA:30,0
DA:34,0
DA:36,0
DA:37,0
DA:40,0
DA:44,0
DA:48,0
DA:49,0
DA:50,0
DA:51,0
DA:52,0
DA:54,0
DA:56,0
DA:57,0
DA:62,0
DA:63,0
DA:67,0
DA:68,0
DA:69,0
DA:70,0
DA:72,0
DA:74,0
DA:75,0
DA:80,0
DA:81,0
DA:82,0
DA:83,0
DA:85,0
DA:91,0
DA:92,0
DA:93,0
DA:95,0
DA:96,0
DA:98,0
DA:99,0
DA:100,0
DA:102,0
DA:103,0
DA:104,0
DA:108,0
LF:54
LH:0
BRDA:24,0,0,0
BRDA:30,1,0,0
BRDA:30,1,1,0
BRDA:40,2,0,0
BRDA:40,2,1,0
BRDA:50,3,0,0
BRDA:62,4,0,0
BRDA:62,4,1,0
BRDA:69,5,0,0
BRDA:85,6,0,0
BRDA:85,6,1,0
BRDA:93,7,0,0
BRDA:102,8,0,0
BRF:13
BRH:0
end_of_record
TN:
SF:src\files\pdf.controller.ts
FN:23,(anonymous_4)
FN:31,(anonymous_5)
FN:48,(anonymous_6)
FN:54,(anonymous_7)
FN:81,(anonymous_8)
FNF:5
FNH:0
FNDA:0,(anonymous_4)
FNDA:0,(anonymous_5)
FNDA:0,(anonymous_6)
FNDA:0,(anonymous_7)
FNDA:0,(anonymous_8)
DA:1,0
DA:11,0
DA:12,0
DA:13,0
DA:14,0
DA:15,0
DA:16,0
DA:17,0
DA:18,0
DA:19,0
DA:22,0
DA:24,0
DA:25,0
DA:31,0
DA:35,0
DA:37,0
DA:48,0
DA:49,0
DA:54,0
DA:59,0
DA:60,0
DA:63,0
DA:64,0
DA:66,0
DA:67,0
DA:70,0
DA:76,0
DA:81,0
DA:86,0
DA:87,0
DA:90,0
DA:91,0
DA:93,0
DA:94,0
DA:97,0
DA:103,0
LF:36
LH:0
BRDA:59,0,0,0
BRDA:66,1,0,0
BRDA:86,2,0,0
BRDA:93,3,0,0
BRF:4
BRH:0
end_of_record
TN:
SF:src\files\pdf.service.ts
FN:41,(anonymous_2)
FN:47,(anonymous_3)
FN:67,(anonymous_4)
FN:128,(anonymous_5)
FN:138,(anonymous_6)
FN:329,(anonymous_7)
FN:374,(anonymous_8)
FN:402,(anonymous_9)
FN:413,(anonymous_10)
FN:425,(anonymous_11)
FN:431,(anonymous_12)
FNF:11
FNH:0
FNDA:0,(anonymous_2)
FNDA:0,(anonymous_3)
FNDA:0,(anonymous_4)
FNDA:0,(anonymous_5)
FNDA:0,(anonymous_6)
FNDA:0,(anonymous_7)
FNDA:0,(anonymous_8)
FNDA:0,(anonymous_9)
FNDA:0,(anonymous_10)
FNDA:0,(anonymous_11)
FNDA:0,(anonymous_12)
DA:1,0
DA:2,0
DA:3,0
DA:4,0
DA:5,0
DA:40,0
DA:42,0
DA:43,0
DA:44,0
DA:49,0
DA:52,0
DA:55,0
DA:58,0
DA:62,0
DA:64,0
DA:68,0
DA:101,0
DA:102,0
DA:105,0
DA:128,0
DA:139,0
DA:141,0
DA:329,0
DA:375,0
DA:380,0
DA:381,0
DA:382,0
DA:384,0
DA:396,0
DA:398,0
DA:403,0
DA:410,0
DA:414,0
DA:422,0
DA:426,0
DA:427,0
DA:428,0
DA:435,0
DA:461,0
LF:39
LH:0
BRDA:101,0,0,0
BRDA:116,1,0,0
BRDA:116,1,1,0
BRDA:290,2,0,0
BRDA:290,2,1,0
BRDA:293,3,0,0
BRDA:293,3,1,0
BRDA:294,4,0,0
BRDA:294,4,1,0
BRDA:295,5,0,0
BRDA:295,5,1,0
BRDA:308,6,0,0
BRDA:308,6,1,0
BRDA:311,7,0,0
BRDA:311,7,1,0
BRDA:314,8,0,0
BRDA:314,8,1,0
BRDA:320,9,0,0
BRDA:320,9,1,0
BRDA:338,10,0,0
BRDA:338,10,1,0
BRDA:354,11,0,0
BRDA:354,11,1,0
BRDA:410,12,0,0
BRDA:410,12,1,0
BRDA:422,13,0,0
BRDA:422,13,1,0
BRF:27
BRH:0
end_of_record
TN:
SF:src\files\qr-code.controller.ts
FN:24,(anonymous_4)
FN:32,(anonymous_5)
FN:62,(anonymous_6)
FN:90,(anonymous_7)
FN:112,(anonymous_8)
FN:118,(anonymous_9)
FN:128,(anonymous_10)
FN:144,(anonymous_11)
FN:150,(anonymous_12)
FN:177,(anonymous_13)
FNF:10
FNH:0
FNDA:0,(anonymous_4)
FNDA:0,(anonymous_5)
FNDA:0,(anonymous_6)
FNDA:0,(anonymous_7)
FNDA:0,(anonymous_8)
FNDA:0,(anonymous_9)
FNDA:0,(anonymous_10)
FNDA:0,(anonymous_11)
FNDA:0,(anonymous_12)
FNDA:0,(anonymous_13)
DA:1,0
DA:12,0
DA:13,0
DA:14,0
DA:15,0
DA:16,0
DA:17,0
DA:18,0
DA:19,0
DA:20,0
DA:23,0
DA:25,0
DA:26,0
DA:32,0
DA:40,0
DA:42,0
DA:43,0
DA:44,0
DA:45,0
DA:46,0
DA:47,0
DA:50,0
DA:52,0
DA:62,0
DA:69,0
DA:71,0
DA:72,0
DA:73,0
DA:74,0
DA:75,0
DA:76,0
DA:79,0
DA:81,0
DA:90,0
DA:95,0
DA:97,0
DA:98,0
DA:100,0
DA:102,0
DA:112,0
DA:113,0
DA:115,0
DA:118,0
DA:128,0
DA:132,0
DA:134,0
DA:144,0
DA:145,0
DA:150,0
DA:155,0
DA:156,0
DA:159,0
DA:160,0
DA:162,0
DA:163,0
DA:166,0
DA:172,0
DA:177,0
DA:182,0
DA:183,0
DA:186,0
DA:187,0
DA:189,0
DA:190,0
DA:193,0
DA:198,0
LF:66
LH:0
BRDA:42,0,0,0
BRDA:43,1,0,0
BRDA:44,2,0,0
BRDA:44,3,0,0
BRDA:44,3,1,0
BRDA:46,4,0,0
BRDA:47,5,0,0
BRDA:71,6,0,0
BRDA:72,7,0,0
BRDA:73,8,0,0
BRDA:73,9,0,0
BRDA:73,9,1,0
BRDA:75,10,0,0
BRDA:76,11,0,0
BRDA:97,12,0,0
BRDA:98,13,0,0
BRDA:120,14,0,0
BRDA:120,14,1,0
BRDA:155,15,0,0
BRDA:162,16,0,0
BRDA:182,17,0,0
BRDA:189,18,0,0
BRF:22
BRH:0
end_of_record
TN:
SF:src\files\qr-code.service.ts
FN:19,(anonymous_2)
FN:25,(anonymous_3)
FN:81,(anonymous_4)
FN:120,(anonymous_5)
FN:134,(anonymous_6)
FN:184,(anonymous_7)
FN:200,(anonymous_8)
FNF:7
FNH:0
FNDA:0,(anonymous_2)
FNDA:0,(anonymous_3)
FNDA:0,(anonymous_4)
FNDA:0,(anonymous_5)
FNDA:0,(anonymous_6)
FNDA:0,(anonymous_7)
FNDA:0,(anonymous_8)
DA:1,0
DA:2,0
DA:3,0
DA:4,0
DA:5,0
DA:18,0
DA:20,0
DA:21,0
DA:22,0
DA:27,0
DA:43,0
DA:44,0
DA:48,0
DA:49,0
DA:52,0
DA:63,0
DA:66,0
DA:70,0
DA:73,0
DA:78,0
DA:83,0
DA:88,0
DA:89,0
DA:93,0
DA:94,0
DA:97,0
DA:108,0
DA:111,0
DA:115,0
DA:117,0
DA:121,0
DA:131,0
DA:136,0
DA:152,0
DA:154,0
DA:155,0
DA:156,0
DA:157,0
DA:167,0
DA:168,0
DA:181,0
DA:186,0
DA:192,0
DA:193,0
DA:197,0
DA:205,0
DA:236,0
LF:47
LH:0
BRDA:43,0,0,0
BRDA:48,1,0,0
BRDA:48,1,1,0
BRDA:53,2,0,0
BRDA:53,2,1,0
BRDA:54,3,0,0
BRDA:54,3,1,0
BRDA:56,4,0,0
BRDA:56,4,1,0
BRDA:57,5,0,0
BRDA:57,5,1,0
BRDA:59,6,0,0
BRDA:59,6,1,0
BRDA:88,7,0,0
BRDA:93,8,0,0
BRDA:93,8,1,0
BRDA:98,9,0,0
BRDA:98,9,1,0
BRDA:99,10,0,0
BRDA:99,10,1,0
BRDA:101,11,0,0
BRDA:101,11,1,0
BRDA:102,12,0,0
BRDA:102,12,1,0
BRDA:104,13,0,0
BRDA:104,13,1,0
BRDA:122,14,0,0
BRDA:122,14,1,0
BRDA:123,15,0,0
BRDA:123,15,1,0
BRDA:125,16,0,0
BRDA:125,16,1,0
BRDA:126,17,0,0
BRDA:126,17,1,0
BRDA:128,18,0,0
BRDA:128,18,1,0
BRDA:192,19,0,0
BRDA:240,20,0,0
BRDA:240,20,1,0
BRF:39
BRH:0
end_of_record
TN:
SF:src\menu\menu.controller.ts
FN:19,(anonymous_4)
FN:23,(anonymous_5)
FN:33,(anonymous_6)
FN:39,(anonymous_7)
FN:49,(anonymous_8)
FN:56,(anonymous_9)
FNF:6
FNH:0
FNDA:0,(anonymous_4)
FNDA:0,(anonymous_5)
FNDA:0,(anonymous_6)
FNDA:0,(anonymous_7)
FNDA:0,(anonymous_8)
FNDA:0,(anonymous_9)
DA:1,0
DA:8,0
DA:9,0
DA:10,0
DA:11,0
DA:12,0
DA:13,0
DA:14,0
DA:15,0
DA:18,0
DA:19,0
DA:23,0
DA:27,0
DA:28,0
DA:33,0
DA:34,0
DA:39,0
DA:43,0
DA:49,0
DA:50,0
DA:56,0
DA:57,0
LF:22
LH:0
BRF:0
BRH:0
end_of_record
TN:
SF:src\menu\menu.service.ts
FN:8,(anonymous_2)
FN:14,(anonymous_3)
FN:18,(anonymous_4)
FN:35,(anonymous_5)
FN:62,(anonymous_6)
FN:66,(anonymous_7)
FN:86,(anonymous_8)
FN:120,(anonymous_9)
FNF:8
FNH:0
FNDA:0,(anonymous_2)
FNDA:0,(anonymous_3)
FNDA:0,(anonymous_4)
FNDA:0,(anonymous_5)
FNDA:0,(anonymous_6)
FNDA:0,(anonymous_7)
FNDA:0,(anonymous_8)
FNDA:0,(anonymous_9)
DA:1,0
DA:2,0
DA:3,0
DA:4,0
DA:7,0
DA:9,0
DA:10,0
DA:11,0
DA:15,0
DA:17,0
DA:19,0
DA:25,0
DA:32,0
DA:37,0
DA:53,0
DA:54,0
DA:58,0
DA:60,0
DA:62,0
DA:67,0
DA:72,0
DA:87,0
DA:88,0
DA:94,0
DA:114,0
DA:121,0
DA:123,0
LF:27
LH:0
BRDA:14,0,0,0
BRDA:53,1,0,0
BRDA:79,2,0,0
BRDA:79,2,1,0
BRDA:87,3,0,0
BRDA:87,4,0,0
BRDA:87,4,1,0
BRF:7
BRH:0
end_of_record
TN:
SF:src\menu\categories\categories.controller.ts
FN:25,(anonymous_4)
FN:30,(anonymous_5)
FN:39,(anonymous_6)
FN:49,(anonymous_7)
FN:58,(anonymous_8)
FN:64,(anonymous_9)
FN:71,(anonymous_10)
FN:82,(anonymous_11)
FN:89,(anonymous_12)
FNF:9
FNH:0
FNDA:0,(anonymous_4)
FNDA:0,(anonymous_5)
FNDA:0,(anonymous_6)
FNDA:0,(anonymous_7)
FNDA:0,(anonymous_8)
FNDA:0,(anonymous_9)
FNDA:0,(anonymous_10)
FNDA:0,(anonymous_11)
FNDA:0,(anonymous_12)
DA:1,0
DA:12,0
DA:13,0
DA:14,0
DA:15,0
DA:16,0
DA:17,0
DA:18,0
DA:19,0
DA:20,0
DA:21,0
DA:24,0
DA:25,0
DA:30,0
DA:34,0
DA:39,0
DA:43,0
DA:44,0
DA:49,0
DA:52,0
DA:58,0
DA:59,0
DA:64,0
DA:65,0
DA:71,0
DA:76,0
DA:82,0
DA:83,0
DA:89,0
DA:93,0
LF:30
LH:0
BRF:0
BRH:0
end_of_record
TN:
SF:src\menu\categories\categories.service.ts
FN:8,(anonymous_2)
FN:10,(anonymous_3)
FN:41,(anonymous_4)
FN:74,(anonymous_5)
FN:115,(anonymous_6)
FN:150,(anonymous_7)
FN:185,(anonymous_8)
FN:186,(anonymous_9)
FN:201,(anonymous_10)
FNF:9
FNH:0
FNDA:0,(anonymous_2)
FNDA:0,(anonymous_3)
FNDA:0,(anonymous_4)
FNDA:0,(anonymous_5)
FNDA:0,(anonymous_6)
FNDA:0,(anonymous_7)
FNDA:0,(anonymous_8)
FNDA:0,(anonymous_9)
FNDA:0,(anonymous_10)
DA:1,0
DA:2,0
DA:7,0
DA:8,0
DA:12,0
DA:19,0
DA:20,0
DA:23,0
DA:42,0
DA:44,0
DA:45,0
DA:48,0
DA:75,0
DA:108,0
DA:109,0
DA:112,0
DA:117,0
DA:120,0
DA:121,0
DA:129,0
DA:130,0
DA:134,0
DA:152,0
DA:155,0
DA:162,0
DA:164,0
DA:175,0
DA:186,0
DA:187,0
DA:196,0
DA:198,0
DA:207,0
DA:220,0
LF:33
LH:0
BRDA:19,0,0,0
BRDA:41,1,0,0
BRDA:44,2,0,0
BRDA:108,3,0,0
BRDA:120,4,0,0
BRDA:129,5,0,0
BRDA:162,6,0,0
BRDA:162,6,1,0
BRF:8
BRH:0
end_of_record
TN:
SF:src\menu\items\items.controller.ts
FN:25,(anonymous_4)
FN:30,(anonymous_5)
FN:36,(anonymous_6)
FN:52,(anonymous_7)
FN:65,(anonymous_8)
FN:71,(anonymous_9)
FN:78,(anonymous_10)
FN:89,(anonymous_11)
FN:96,(anonymous_12)
FN:103,(anonymous_13)
FNF:10
FNH:0
FNDA:0,(anonymous_4)
FNDA:0,(anonymous_5)
FNDA:0,(anonymous_6)
FNDA:0,(anonymous_7)
FNDA:0,(anonymous_8)
FNDA:0,(anonymous_9)
FNDA:0,(anonymous_10)
FNDA:0,(anonymous_11)
FNDA:0,(anonymous_12)
FNDA:0,(anonymous_13)
DA:1,0
DA:12,0
DA:13,0
DA:14,0
DA:15,0
DA:16,0
DA:17,0
DA:18,0
DA:20,0
DA:21,0
DA:24,0
DA:25,0
DA:30,0
DA:31,0
DA:36,0
DA:41,0
DA:43,0
DA:44,0
DA:47,0
DA:52,0
DA:56,0
DA:57,0
DA:59,0
DA:65,0
DA:66,0
DA:71,0
DA:72,0
DA:78,0
DA:83,0
DA:89,0
DA:90,0
DA:96,0
DA:97,0
DA:103,0
DA:108,0
LF:35
LH:0
BRDA:43,0,0,0
BRDA:56,1,0,0
BRDA:56,2,0,0
BRDA:56,2,1,0
BRF:4
BRH:0
end_of_record
TN:
SF:src\menu\items\items.service.ts
FN:8,(anonymous_2)
FN:10,(anonymous_3)
FN:62,(anonymous_4)
FN:96,(anonymous_5)
FN:127,(anonymous_6)
FN:161,(anonymous_7)
FN:219,(anonymous_8)
FN:235,(anonymous_9)
FN:249,(anonymous_10)
FN:262,(anonymous_11)
FN:278,(anonymous_12)
FN:316,(anonymous_13)
FNF:12
FNH:0
FNDA:0,(anonymous_2)
FNDA:0,(anonymous_3)
FNDA:0,(anonymous_4)
FNDA:0,(anonymous_5)
FNDA:0,(anonymous_6)
FNDA:0,(anonymous_7)
FNDA:0,(anonymous_8)
FNDA:0,(anonymous_9)
FNDA:0,(anonymous_10)
FNDA:0,(anonymous_11)
FNDA:0,(anonymous_12)
FNDA:0,(anonymous_13)
DA:1,0
DA:2,0
DA:7,0
DA:8,0
DA:12,0
DA:20,0
DA:21,0
DA:25,0
DA:32,0
DA:33,0
DA:36,0
DA:63,0
DA:65,0
DA:66,0
DA:69,0
DA:97,0
DA:102,0
DA:103,0
DA:106,0
DA:128,0
DA:154,0
DA:155,0
DA:158,0
DA:163,0
DA:166,0
DA:167,0
DA:175,0
DA:176,0
DA:181,0
DA:182,0
DA:190,0
DA:191,0
DA:195,0
DA:221,0
DA:224,0
DA:236,0
DA:238,0
DA:251,0
DA:258,0
DA:259,0
DA:262,0
DA:263,0
DA:273,0
DA:275,0
DA:284,0
DA:308,0
DA:317,0
LF:47
LH:0
BRDA:20,0,0,0
BRDA:32,1,0,0
BRDA:62,2,0,0
BRDA:65,3,0,0
BRDA:96,4,0,0
BRDA:102,5,0,0
BRDA:154,6,0,0
BRDA:166,7,0,0
BRDA:175,8,0,0
BRDA:181,9,0,0
BRDA:190,10,0,0
BRDA:258,11,0,0
BRF:12
BRH:0
end_of_record
TN:
SF:src\orders\order-items.service.ts
FN:7,(anonymous_2)
FN:9,(anonymous_3)
FN:64,(anonymous_4)
FN:65,(anonymous_5)
FN:79,(anonymous_6)
FN:107,(anonymous_7)
FN:139,(anonymous_8)
FNF:7
FNH:0
FNDA:0,(anonymous_2)
FNDA:0,(anonymous_3)
FNDA:0,(anonymous_4)
FNDA:0,(anonymous_5)
FNDA:0,(anonymous_6)
FNDA:0,(anonymous_7)
FNDA:0,(anonymous_8)
DA:1,0
DA:2,0
DA:6,0
DA:7,0
DA:10,0
DA:11,0
DA:13,0
DA:15,0
DA:31,0
DA:32,0
DA:35,0
DA:36,0
DA:39,0
DA:40,0
DA:41,0
DA:43,0
DA:58,0
DA:65,0
DA:74,0
DA:80,0
DA:108,0
DA:112,0
DA:113,0
DA:114,0
DA:115,0
DA:121,0
DA:138,0
DA:140,0
DA:152,0
DA:160,0
LF:30
LH:0
BRDA:31,0,0,0
BRDA:35,1,0,0
BRDA:48,2,0,0
BRDA:48,2,1,0
BRDA:112,3,0,0
BRDA:112,4,0,0
BRDA:112,4,1,0
BRDA:114,5,0,0
BRDA:115,6,0,0
BRDA:161,7,0,0
BRDA:161,7,1,0
BRDA:162,8,0,0
BRDA:162,8,1,0
BRF:13
BRH:0
end_of_record
TN:
SF:src\orders\orders.controller.ts
FN:28,(anonymous_4)
FN:33,(anonymous_5)
FN:43,(anonymous_6)
FN:54,(anonymous_7)
FN:64,(anonymous_8)
FN:71,(anonymous_9)
FN:84,(anonymous_10)
FN:91,(anonymous_11)
FN:104,(anonymous_12)
FN:121,(anonymous_13)
FN:138,(anonymous_14)
FN:155,(anonymous_15)
FN:172,(anonymous_16)
FNF:13
FNH:0
FNDA:0,(anonymous_4)
FNDA:0,(anonymous_5)
FNDA:0,(anonymous_6)
FNDA:0,(anonymous_7)
FNDA:0,(anonymous_8)
FNDA:0,(anonymous_9)
FNDA:0,(anonymous_10)
FNDA:0,(anonymous_11)
FNDA:0,(anonymous_12)
FNDA:0,(anonymous_13)
FNDA:0,(anonymous_14)
FNDA:0,(anonymous_15)
FNDA:0,(anonymous_16)
DA:1,0
DA:14,0
DA:15,0
DA:16,0
DA:17,0
DA:18,0
DA:19,0
DA:20,0
DA:21,0
DA:22,0
DA:23,0
DA:24,0
DA:27,0
DA:28,0
DA:33,0
DA:37,0
DA:43,0
DA:48,0
DA:54,0
DA:58,0
DA:64,0
DA:65,0
DA:71,0
DA:76,0
DA:77,0
DA:79,0
DA:84,0
DA:85,0
DA:91,0
DA:97,0
DA:104,0
DA:109,0
DA:121,0
DA:126,0
DA:138,0
DA:143,0
DA:155,0
DA:160,0
DA:172,0
DA:178,0
LF:40
LH:0
BRDA:76,0,0,0
BRDA:76,0,1,0
BRDA:77,1,0,0
BRDA:77,1,1,0
BRF:4
BRH:0
end_of_record
TN:
SF:src\orders\orders.service.ts
FN:12,(anonymous_2)
FN:18,(anonymous_3)
FN:35,(anonymous_4)
FN:127,(anonymous_5)
FN:197,(anonymous_6)
FN:210,(anonymous_7)
FN:257,(anonymous_8)
FN:308,(anonymous_9)
FN:325,(anonymous_10)
FN:369,(anonymous_11)
FN:373,(anonymous_12)
FN:382,(anonymous_13)
FN:413,(anonymous_14)
FN:434,(anonymous_15)
FNF:14
FNH:0
FNDA:0,(anonymous_2)
FNDA:0,(anonymous_3)
FNDA:0,(anonymous_4)
FNDA:0,(anonymous_5)
FNDA:0,(anonymous_6)
FNDA:0,(anonymous_7)
FNDA:0,(anonymous_8)
FNDA:0,(anonymous_9)
FNDA:0,(anonymous_10)
FNDA:0,(anonymous_11)
FNDA:0,(anonymous_12)
FNDA:0,(anonymous_13)
FNDA:0,(anonymous_14)
FNDA:0,(anonymous_15)
DA:1,0
DA:2,0
DA:3,0
DA:4,0
DA:8,0
DA:11,0
DA:13,0
DA:14,0
DA:15,0
DA:20,0
DA:28,0
DA:29,0
DA:32,0
DA:37,0
DA:38,0
DA:46,0
DA:47,0
DA:52,0
DA:57,0
DA:58,0
DA:62,0
DA:65,0
DA:99,0
DA:102,0
DA:119,0
DA:122,0
DA:124,0
DA:128,0
DA:129,0
DA:131,0
DA:134,0
DA:135,0
DA:138,0
DA:139,0
DA:142,0
DA:143,0
DA:146,0
DA:147,0
DA:148,0
DA:149,0
DA:151,0
DA:152,0
DA:156,0
DA:196,0
DA:197,0
DA:211,0
DA:244,0
DA:245,0
DA:249,0
DA:251,0
DA:258,0
DA:261,0
DA:263,0
DA:278,0
DA:295,0
DA:301,0
DA:302,0
DA:305,0
DA:309,0
DA:311,0
DA:312,0
DA:315,0
DA:316,0
DA:319,0
DA:326,0
DA:328,0
DA:329,0
DA:330,0
DA:331,0
DA:340,0
DA:363,0
DA:365,0
DA:370,0
DA:371,0
DA:373,0
DA:383,0
DA:385,0
DA:414,0
DA:415,0
DA:417,0
DA:425,0
DA:426,0
DA:427,0
DA:428,0
DA:431,0
DA:435,0
DA:444,0
DA:446,0
DA:447,0
LF:89
LH:0
BRDA:28,0,0,0
BRDA:37,1,0,0
BRDA:46,2,0,0
BRDA:57,3,0,0
BRDA:68,4,0,0
BRDA:68,4,1,0
BRDA:69,5,0,0
BRDA:69,5,1,0
BRDA:71,6,0,0
BRDA:71,6,1,0
BRDA:72,7,0,0
BRDA:72,7,1,0
BRDA:75,8,0,0
BRDA:75,8,1,0
BRDA:105,9,0,0
BRDA:105,9,1,0
BRDA:128,10,0,0
BRDA:128,11,0,0
BRDA:134,12,0,0
BRDA:138,13,0,0
BRDA:142,14,0,0
BRDA:146,15,0,0
BRDA:146,16,0,0
BRDA:146,16,1,0
BRDA:148,17,0,0
BRDA:151,18,0,0
BRDA:244,19,0,0
BRDA:281,20,0,0
BRDA:281,20,1,0
BRDA:301,21,0,0
BRDA:311,22,0,0
BRDA:315,23,0,0
BRDA:328,24,0,0
BRDA:328,25,0,0
BRDA:328,25,1,0
BRDA:330,26,0,0
BRDA:331,27,0,0
BRDA:367,28,0,0
BRDA:367,28,1,0
BRDA:368,29,0,0
BRDA:368,29,1,0
BRDA:376,30,0,0
BRDA:376,30,1,0
BRDA:426,31,0,0
BRDA:446,32,0,0
BRF:45
BRH:0
end_of_record
TN:
SF:src\payments\payments.controller.ts
FN:24,(anonymous_4)
FN:32,(anonymous_5)
FN:60,(anonymous_6)
FN:78,(anonymous_7)
FN:106,(anonymous_8)
FN:121,(anonymous_9)
FNF:6
FNH:0
FNDA:0,(anonymous_4)
FNDA:0,(anonymous_5)
FNDA:0,(anonymous_6)
FNDA:0,(anonymous_7)
FNDA:0,(anonymous_8)
FNDA:0,(anonymous_9)
DA:1,0
DA:12,0
DA:13,0
DA:14,0
DA:15,0
DA:16,0
DA:17,0
DA:18,0
DA:19,0
DA:23,0
DA:24,0
DA:32,0
DA:37,0
DA:38,0
DA:44,0
DA:50,0
DA:60,0
DA:64,0
DA:66,0
DA:78,0
DA:82,0
DA:91,0
DA:93,0
DA:106,0
DA:107,0
DA:109,0
DA:121,0
DA:122,0
DA:124,0
LF:29
LH:0
BRDA:87,0,0,0
BRDA:87,0,1,0
BRDA:88,1,0,0
BRDA:88,1,1,0
BRF:4
BRH:0
end_of_record
TN:
SF:src\payments\payments.service.ts
FN:26,(anonymous_2)
FN:40,(anonymous_3)
FN:169,(anonymous_4)
FN:262,(anonymous_5)
FN:282,(anonymous_6)
FN:312,(anonymous_7)
FN:358,(anonymous_8)
FN:404,(anonymous_9)
FN:421,(anonymous_10)
FNF:9
FNH:0
FNDA:0,(anonymous_2)
FNDA:0,(anonymous_3)
FNDA:0,(anonymous_4)
FNDA:0,(anonymous_5)
FNDA:0,(anonymous_6)
FNDA:0,(anonymous_7)
FNDA:0,(anonymous_8)
FNDA:0,(anonymous_9)
FNDA:0,(anonymous_10)
DA:1,0
DA:2,0
DA:3,0
DA:4,0
DA:5,0
DA:6,0
DA:7,0
DA:9,0
DA:10,0
DA:22,0
DA:23,0
DA:27,0
DA:28,0
DA:29,0
DA:30,0
DA:31,0
DA:32,0
DA:34,0
DA:46,0
DA:63,0
DA:64,0
DA:68,0
DA:77,0
DA:78,0
DA:81,0
DA:83,0
DA:84,0
DA:85,0
DA:86,0
DA:89,0
DA:104,0
DA:106,0
DA:107,0
DA:110,0
DA:111,0
DA:114,0
DA:117,0
DA:118,0
DA:122,0
DA:141,0
DA:144,0
DA:151,0
DA:161,0
DA:162,0
DA:174,0
DA:176,0
DA:178,0
DA:179,0
DA:181,0
DA:182,0
DA:184,0
DA:185,0
DA:187,0
DA:190,0
DA:191,0
DA:192,0
DA:196,0
DA:209,0
DA:210,0
DA:214,0
DA:228,0
DA:229,0
DA:231,0
DA:234,0
DA:241,0
DA:242,0
DA:245,0
DA:254,0
DA:255,0
DA:263,0
DA:265,0
DA:271,0
DA:274,0
DA:275,0
DA:283,0
DA:302,0
DA:303,0
DA:306,0
DA:313,0
DA:315,0
DA:316,0
DA:319,0
DA:320,0
DA:323,0
DA:324,0
DA:327,0
DA:328,0
DA:331,0
DA:352,0
DA:359,0
DA:374,0
DA:384,0
DA:390,0
DA:405,0
DA:407,0
DA:409,0
DA:411,0
DA:414,0
DA:422,0
LF:99
LH:0
BRDA:63,0,0,0
BRDA:77,1,0,0
BRDA:84,2,0,0
BRDA:84,2,1,0
BRDA:85,3,0,0
BRDA:85,3,1,0
BRDA:104,4,0,0
BRDA:104,4,1,0
BRDA:104,4,2,0
BRDA:117,5,0,0
BRDA:179,6,0,0
BRDA:179,6,1,0
BRDA:179,6,2,0
BRDA:181,7,0,0
BRDA:181,7,1,0
BRDA:184,8,0,0
BRDA:184,8,1,0
BRDA:190,9,0,0
BRDA:190,10,0,0
BRDA:190,10,1,0
BRDA:209,11,0,0
BRDA:228,12,0,0
BRDA:228,12,1,0
BRDA:241,13,0,0
BRDA:241,14,0,0
BRDA:241,14,1,0
BRDA:249,15,0,0
BRDA:249,15,1,0
BRDA:302,16,0,0
BRDA:312,17,0,0
BRDA:315,18,0,0
BRDA:319,19,0,0
BRDA:323,20,0,0
BRDA:327,21,0,0
BRDA:348,22,0,0
BRDA:348,22,1,0
BRDA:349,23,0,0
BRDA:349,23,1,0
BRDA:395,24,0,0
BRDA:395,24,1,0
BRDA:396,25,0,0
BRDA:396,25,1,0
BRDA:405,26,0,0
BRDA:405,26,1,0
BRDA:405,26,2,0
BRDA:405,26,3,0
BRDA:405,26,4,0
BRF:47
BRH:0
end_of_record
TN:
SF:src\payments\webhooks.controller.ts
FN:21,(anonymous_4)
FN:28,(anonymous_5)
FN:65,(anonymous_6)
FN:102,(anonymous_7)
FN:136,(anonymous_8)
FN:158,(anonymous_9)
FNF:6
FNH:0
FNDA:0,(anonymous_4)
FNDA:0,(anonymous_5)
FNDA:0,(anonymous_6)
FNDA:0,(anonymous_7)
FNDA:0,(anonymous_8)
FNDA:0,(anonymous_9)
DA:1,0
DA:12,0
DA:13,0
DA:18,0
DA:19,0
DA:21,0
DA:28,0
DA:32,0
DA:34,0
DA:36,0
DA:47,0
DA:49,0
DA:55,0
DA:56,0
DA:65,0
DA:69,0
DA:71,0
DA:73,0
DA:84,0
DA:86,0
DA:92,0
DA:93,0
DA:102,0
DA:106,0
DA:108,0
DA:109,0
DA:120,0
DA:122,0
DA:128,0
DA:129,0
DA:137,0
DA:141,0
DA:144,0
DA:147,0
DA:151,0
DA:159,0
DA:164,0
DA:168,0
DA:171,0
DA:176,0
LF:40
LH:0
BRDA:37,0,0,0
BRDA:37,0,1,0
BRDA:38,1,0,0
BRDA:38,1,1,0
BRDA:43,2,0,0
BRDA:43,2,1,0
BRDA:44,3,0,0
BRDA:44,3,1,0
BRDA:74,4,0,0
BRDA:74,4,1,0
BRDA:75,5,0,0
BRDA:75,5,1,0
BRDA:80,6,0,0
BRDA:80,6,1,0
BRDA:81,7,0,0
BRDA:81,7,1,0
BRDA:114,8,0,0
BRDA:114,8,1,0
BRDA:137,9,0,0
BRDA:137,9,1,0
BRDA:137,9,2,0
BRDA:137,9,3,0
BRDA:137,9,4,0
BRDA:137,9,5,0
BRDA:137,9,6,0
BRDA:137,9,7,0
BRDA:137,9,8,0
BRDA:137,9,9,0
BRDA:159,10,0,0
BRDA:159,10,1,0
BRDA:159,10,2,0
BRDA:159,10,3,0
BRDA:159,10,4,0
BRDA:159,10,5,0
BRDA:159,10,6,0
BRDA:159,10,7,0
BRDA:159,10,8,0
BRDA:159,10,9,0
BRDA:159,10,10,0
BRDA:159,10,11,0
BRDA:159,10,12,0
BRF:41
BRH:0
end_of_record
TN:
SF:src\payments\providers\mynita.service.ts
FN:33,(anonymous_2)
FN:47,(anonymous_3)
FN:112,(anonymous_4)
FN:132,(anonymous_5)
FN:158,(anonymous_6)
FN:162,(anonymous_7)
FN:163,(anonymous_8)
FN:176,(anonymous_9)
FN:183,(anonymous_10)
FNF:9
FNH:0
FNDA:0,(anonymous_2)
FNDA:0,(anonymous_3)
FNDA:0,(anonymous_4)
FNDA:0,(anonymous_5)
FNDA:0,(anonymous_6)
FNDA:0,(anonymous_7)
FNDA:0,(anonymous_8)
FNDA:0,(anonymous_9)
FNDA:0,(anonymous_10)
DA:1,0
DA:2,0
DA:3,0
DA:4,0
DA:26,0
DA:27,0
DA:33,0
DA:34,0
DA:35,0
DA:36,0
DA:37,0
DA:39,0
DA:40,0
DA:48,0
DA:49,0
DA:52,0
DA:53,0
DA:56,0
DA:71,0
DA:72,0
DA:75,0
DA:87,0
DA:88,0
DA:89,0
DA:95,0
DA:99,0
DA:101,0
DA:102,0
DA:105,0
DA:113,0
DA:114,0
DA:117,0
DA:118,0
DA:119,0
DA:124,0
DA:125,0
DA:133,0
DA:134,0
DA:137,0
DA:138,0
DA:148,0
DA:150,0
DA:151,0
DA:160,0
DA:161,0
DA:162,0
DA:163,0
DA:167,0
DA:177,0
DA:184,0
LF:50
LH:0
BRDA:39,0,0,0
BRDA:39,1,0,0
BRDA:39,1,1,0
BRDA:39,1,2,0
BRDA:48,2,0,0
BRDA:87,3,0,0
BRDA:87,3,1,0
BRDA:101,4,0,0
BRDA:113,5,0,0
BRDA:133,6,0,0
BRDA:162,7,0,0
BRDA:162,7,1,0
BRDA:162,7,2,0
BRDA:177,8,0,0
BRDA:177,8,1,0
BRDA:177,8,2,0
BRDA:187,9,0,0
BRDA:187,9,1,0
BRF:18
BRH:0
end_of_record
TN:
SF:src\payments\providers\wave.service.ts
FN:33,(anonymous_2)
FN:47,(anonymous_3)
FN:119,(anonymous_4)
FN:139,(anonymous_5)
FN:165,(anonymous_6)
FN:179,(anonymous_7)
FN:186,(anonymous_8)
FNF:7
FNH:0
FNDA:0,(anonymous_2)
FNDA:0,(anonymous_3)
FNDA:0,(anonymous_4)
FNDA:0,(anonymous_5)
FNDA:0,(anonymous_6)
FNDA:0,(anonymous_7)
FNDA:0,(anonymous_8)
DA:1,0
DA:2,0
DA:3,0
DA:4,0
DA:26,0
DA:27,0
DA:33,0
DA:34,0
DA:35,0
DA:36,0
DA:37,0
DA:39,0
DA:40,0
DA:48,0
DA:49,0
DA:52,0
DA:53,0
DA:56,0
DA:78,0
DA:81,0
DA:94,0
DA:95,0
DA:96,0
DA:102,0
DA:106,0
DA:108,0
DA:109,0
DA:112,0
DA:120,0
DA:121,0
DA:124,0
DA:125,0
DA:126,0
DA:131,0
DA:132,0
DA:140,0
DA:141,0
DA:144,0
DA:145,0
DA:155,0
DA:157,0
DA:158,0
DA:167,0
DA:170,0
DA:180,0
DA:187,0
LF:46
LH:0
BRDA:39,0,0,0
BRDA:39,1,0,0
BRDA:39,1,1,0
BRDA:39,1,2,0
BRDA:48,2,0,0
BRDA:94,3,0,0
BRDA:94,3,1,0
BRDA:94,4,0,0
BRDA:94,4,1,0
BRDA:95,5,0,0
BRDA:95,5,1,0
BRDA:98,6,0,0
BRDA:98,6,1,0
BRDA:99,7,0,0
BRDA:99,7,1,0
BRDA:102,8,0,0
BRDA:102,8,1,0
BRDA:108,9,0,0
BRDA:108,10,0,0
BRDA:108,10,1,0
BRDA:109,11,0,0
BRDA:109,11,1,0
BRDA:120,12,0,0
BRDA:140,13,0,0
BRDA:180,14,0,0
BRDA:180,14,1,0
BRDA:180,14,2,0
BRDA:190,15,0,0
BRDA:190,15,1,0
BRF:29
BRH:0
end_of_record
TN:
SF:src\prisma\prisma.service.ts
FN:6,(anonymous_1)
FN:11,(anonymous_2)
FN:16,(anonymous_3)
FNF:3
FNH:0
FNDA:0,(anonymous_1)
FNDA:0,(anonymous_2)
FNDA:0,(anonymous_3)
DA:1,0
DA:2,0
DA:5,0
DA:7,0
DA:8,0
DA:12,0
DA:17,0
LF:7
LH:0
BRF:0
BRH:0
end_of_record
TN:
SF:src\tenants\tenants.controller.ts
FN:23,(anonymous_4)
FN:27,(anonymous_5)
FN:33,(anonymous_6)
FN:39,(anonymous_7)
FN:45,(anonymous_8)
FN:52,(anonymous_9)
FN:59,(anonymous_10)
FN:66,(anonymous_11)
FNF:8
FNH:0
FNDA:0,(anonymous_4)
FNDA:0,(anonymous_5)
FNDA:0,(anonymous_6)
FNDA:0,(anonymous_7)
FNDA:0,(anonymous_8)
FNDA:0,(anonymous_9)
FNDA:0,(anonymous_10)
FNDA:0,(anonymous_11)
DA:1,0
DA:11,0
DA:12,0
DA:13,0
DA:14,0
DA:15,0
DA:16,0
DA:17,0
DA:18,0
DA:19,0
DA:22,0
DA:23,0
DA:27,0
DA:28,0
DA:33,0
DA:34,0
DA:39,0
DA:40,0
DA:45,0
DA:46,0
DA:52,0
DA:53,0
DA:59,0
DA:60,0
DA:66,0
DA:68,0
DA:69,0
DA:71,0
LF:28
LH:0
BRDA:68,0,0,0
BRF:1
BRH:0
end_of_record
TN:
SF:src\tenants\tenants.service.ts
FN:8,(anonymous_2)
FN:10,(anonymous_3)
FN:47,(anonymous_4)
FN:66,(anonymous_5)
FN:90,(anonymous_6)
FN:118,(anonymous_7)
FN:165,(anonymous_8)
FN:183,(anonymous_9)
FNF:8
FNH:0
FNDA:0,(anonymous_2)
FNDA:0,(anonymous_3)
FNDA:0,(anonymous_4)
FNDA:0,(anonymous_5)
FNDA:0,(anonymous_6)
FNDA:0,(anonymous_7)
FNDA:0,(anonymous_8)
FNDA:0,(anonymous_9)
DA:1,0
DA:2,0
DA:7,0
DA:8,0
DA:12,0
DA:21,0
DA:22,0
DA:23,0
DA:25,0
DA:26,0
DA:30,0
DA:48,0
DA:67,0
DA:83,0
DA:84,0
DA:87,0
DA:91,0
DA:107,0
DA:108,0
DA:111,0
DA:112,0
DA:115,0
DA:120,0
DA:123,0
DA:124,0
DA:125,0
DA:126,0
DA:128,0
DA:137,0
DA:138,0
DA:139,0
DA:141,0
DA:142,0
DA:147,0
DA:167,0
DA:170,0
DA:190,0
DA:206,0
LF:38
LH:0
BRDA:21,0,0,0
BRDA:22,1,0,0
BRDA:25,2,0,0
BRDA:83,3,0,0
BRDA:107,4,0,0
BRDA:111,5,0,0
BRDA:123,6,0,0
BRDA:123,7,0,0
BRDA:123,7,1,0
BRDA:125,8,0,0
BRDA:126,9,0,0
BRDA:137,10,0,0
BRDA:138,11,0,0
BRDA:141,12,0,0
BRDA:208,13,0,0
BRDA:208,13,1,0
BRF:16
BRH:0
end_of_record
TN:
SF:src\users\users.controller.ts
FN:27,(anonymous_4)
FN:31,(anonymous_5)
FN:45,(anonymous_6)
FN:51,(anonymous_7)
FN:57,(anonymous_8)
FN:63,(anonymous_9)
FN:73,(anonymous_10)
FN:79,(anonymous_11)
FNF:8
FNH:0
FNDA:0,(anonymous_4)
FNDA:0,(anonymous_5)
FNDA:0,(anonymous_6)
FNDA:0,(anonymous_7)
FNDA:0,(anonymous_8)
FNDA:0,(anonymous_9)
FNDA:0,(anonymous_10)
FNDA:0,(anonymous_11)
DA:1,0
DA:13,0
DA:14,0
DA:15,0
DA:16,0
DA:17,0
DA:18,0
DA:19,0
DA:20,0
DA:21,0
DA:22,0
DA:26,0
DA:27,0
DA:31,0
DA:36,0
DA:40,0
DA:45,0
DA:46,0
DA:51,0
DA:52,0
DA:57,0
DA:58,0
DA:63,0
DA:68,0
DA:73,0
DA:74,0
DA:79,0
DA:84,0
LF:28
LH:0
BRF:0
BRH:0
end_of_record
TN:
SF:src\users\users.service.ts
FN:30,(anonymous_2)
FN:32,(anonymous_3)
FN:77,(anonymous_4)
FN:94,(anonymous_5)
FN:126,(anonymous_6)
FN:160,(anonymous_7)
FN:178,(anonymous_8)
FN:227,(anonymous_9)
FN:242,(anonymous_10)
FNF:9
FNH:0
FNDA:0,(anonymous_2)
FNDA:0,(anonymous_3)
FNDA:0,(anonymous_4)
FNDA:0,(anonymous_5)
FNDA:0,(anonymous_6)
FNDA:0,(anonymous_7)
FNDA:0,(anonymous_8)
FNDA:0,(anonymous_9)
FNDA:0,(anonymous_10)
DA:1,0
DA:2,0
DA:4,0
DA:29,0
DA:30,0
DA:34,0
DA:35,0
DA:39,0
DA:43,0
DA:44,0
DA:48,0
DA:49,0
DA:51,0
DA:78,0
DA:95,0
DA:119,0
DA:120,0
DA:123,0
DA:128,0
DA:131,0
DA:132,0
DA:139,0
DA:140,0
DA:144,0
DA:162,0
DA:165,0
DA:180,0
DA:187,0
DA:188,0
DA:192,0
DA:197,0
DA:198,0
DA:202,0
DA:203,0
DA:206,0
DA:212,0
DA:224,0
DA:228,0
DA:238,0
DA:243,0
DA:244,0
LF:41
LH:0
BRDA:34,0,0,0
BRDA:43,1,0,0
BRDA:119,2,0,0
BRDA:131,3,0,0
BRDA:139,4,0,0
BRDA:187,5,0,0
BRDA:197,6,0,0
BRF:7
BRH:0
end_of_record
TN:
SF:src\websocket\orders.gateway.ts
FN:39,(anonymous_4)
FN:46,(anonymous_5)
FN:51,(anonymous_6)
FN:146,(anonymous_7)
FN:153,(anonymous_8)
FN:161,(anonymous_9)
FN:169,(anonymous_10)
FN:203,(anonymous_11)
FNF:8
FNH:0
FNDA:0,(anonymous_4)
FNDA:0,(anonymous_5)
FNDA:0,(anonymous_6)
FNDA:0,(anonymous_7)
FNDA:0,(anonymous_8)
FNDA:0,(anonymous_9)
FNDA:0,(anonymous_10)
FNDA:0,(anonymous_11)
DA:1,0
DA:11,0
DA:12,0
DA:13,0
DA:14,0
DA:15,0
DA:16,0
DA:35,0
DA:37,0
DA:40,0
DA:41,0
DA:42,0
DA:43,0
DA:47,0
DA:48,0
DA:52,0
DA:54,0
DA:56,0
DA:57,0
DA:58,0
DA:59,0
DA:62,0
DA:67,0
DA:84,0
DA:85,0
DA:86,0
DA:87,0
DA:91,0
DA:99,0
DA:100,0
DA:101,0
DA:104,0
DA:105,0
DA:108,0
DA:111,0
DA:138,0
DA:141,0
DA:142,0
DA:147,0
DA:148,0
DA:153,0
DA:154,0
DA:155,0
DA:156,0
DA:161,0
DA:162,0
DA:163,0
DA:164,0
DA:169,0
DA:170,0
DA:172,0
DA:199,0
DA:203,0
DA:204,0
LF:54
LH:0
BRDA:54,0,0,0
BRDA:54,0,1,0
BRDA:56,1,0,0
BRDA:84,2,0,0
BRDA:84,3,0,0
BRDA:84,3,1,0
BRDA:84,3,2,0
BRDA:104,4,0,0
BRDA:147,5,0,0
BRDA:154,6,0,0
BRDA:162,7,0,0
BRDA:170,8,0,0
BRF:12
BRH:0
end_of_record
TN:
SF:src\websocket\websocket.service.ts
FN:8,(anonymous_1)
FN:13,(anonymous_2)
FN:20,(anonymous_3)
FN:27,(anonymous_4)
FN:34,(anonymous_5)
FN:56,(anonymous_6)
FN:65,(anonymous_7)
FN:74,(anonymous_8)
FN:89,(anonymous_9)
FN:98,(anonymous_10)
FN:107,(anonymous_11)
FNF:11
FNH:0
FNDA:0,(anonymous_1)
FNDA:0,(anonymous_2)
FNDA:0,(anonymous_3)
FNDA:0,(anonymous_4)
FNDA:0,(anonymous_5)
FNDA:0,(anonymous_6)
FNDA:0,(anonymous_7)
FNDA:0,(anonymous_8)
FNDA:0,(anonymous_9)
FNDA:0,(anonymous_10)
FNDA:0,(anonymous_11)
DA:1,0
DA:5,0
DA:9,0
DA:14,0
DA:15,0
DA:21,0
DA:22,0
DA:28,0
DA:29,0
DA:35,0
DA:42,0
DA:48,0
DA:57,0
DA:66,0
DA:75,0
DA:81,0
DA:90,0
DA:99,0
DA:108,0
LF:19
LH:0
BRDA:14,0,0,0
BRDA:21,1,0,0
BRDA:28,2,0,0
BRF:3
BRH:0
end_of_record
